{"/home/rodrigo/projects/shopimax-apiv2/src/app.ts": {"path":"/home/rodrigo/projects/shopimax-apiv2/src/app.ts","statementMap":{"0":{"start":{"line":1,"column":0},"end":{"line":1,"column":53}},"1":{"start":{"line":2,"column":0},"end":{"line":2,"column":28}},"2":{"start":{"line":3,"column":0},"end":{"line":3,"column":35}},"3":{"start":{"line":4,"column":0},"end":{"line":4,"column":38}},"4":{"start":{"line":5,"column":0},"end":{"line":5,"column":55}},"5":{"start":{"line":6,"column":0},"end":{"line":6,"column":51}},"6":{"start":{"line":7,"column":0},"end":{"line":7,"column":52}},"7":{"start":{"line":9,"column":12},"end":{"line":9,"column":21}},"8":{"start":{"line":11,"column":0},"end":{"line":11,"column":24}},"9":{"start":{"line":12,"column":0},"end":{"line":12,"column":48}},"10":{"start":{"line":13,"column":0},"end":{"line":13,"column":28}},"11":{"start":{"line":15,"column":0},"end":{"line":26,"column":3}},"12":{"start":{"line":16,"column":13},"end":{"line":16,"column":71}},"13":{"start":{"line":17,"column":2},"end":{"line":25,"column":4}},"14":{"start":{"line":27,"column":0},"end":{"line":27,"column":87}},"15":{"start":{"line":27,"column":57},"end":{"line":27,"column":85}},"16":{"start":{"line":28,"column":0},"end":{"line":28,"column":48}},"17":{"start":{"line":29,"column":0},"end":{"line":29,"column":32}},"18":{"start":{"line":31,"column":0},"end":{"line":31,"column":19}}},"fnMap":{"0":{"name":"(anonymous_1)","decl":{"start":{"line":15,"column":13},"end":{"line":15,"column":14}},"loc":{"start":{"line":15,"column":45},"end":{"line":26,"column":1}}},"1":{"name":"(anonymous_2)","decl":{"start":{"line":27,"column":24},"end":{"line":27,"column":25}},"loc":{"start":{"line":27,"column":57},"end":{"line":27,"column":85}}}},"branchMap":{"0":{"loc":{"start":{"line":16,"column":13},"end":{"line":16,"column":71}},"type":"cond-expr","locations":[{"start":{"line":16,"column":43},"end":{"line":16,"column":54}},{"start":{"line":16,"column":57},"end":{"line":16,"column":71}}]}},"s":{"0":0,"1":0,"2":0,"3":0,"4":0,"5":0,"6":0,"7":0,"8":0,"9":0,"10":0,"11":0,"12":0,"13":0,"14":0,"15":0,"16":0,"17":0,"18":0},"f":{"0":0,"1":0},"b":{"0":[0,0]}}
,"/home/rodrigo/projects/shopimax-apiv2/src/index.ts": {"path":"/home/rodrigo/projects/shopimax-apiv2/src/index.ts","statementMap":{"0":{"start":{"line":1,"column":0},"end":{"line":1,"column":24}},"1":{"start":{"line":2,"column":0},"end":{"line":2,"column":46}},"2":{"start":{"line":3,"column":0},"end":{"line":3,"column":39}},"3":{"start":{"line":5,"column":0},"end":{"line":11,"column":5}},"4":{"start":{"line":6,"column":2},"end":{"line":8,"column":5}},"5":{"start":{"line":7,"column":4},"end":{"line":7,"column":53}},"6":{"start":{"line":9,"column":2},"end":{"line":9,"column":31}},"7":{"start":{"line":10,"column":2},"end":{"line":10,"column":21}}},"fnMap":{"0":{"name":"(anonymous_1)","decl":{"start":{"line":5,"column":1},"end":{"line":5,"column":6}},"loc":{"start":{"line":5,"column":12},"end":{"line":11,"column":1}}},"1":{"name":"(anonymous_2)","decl":{"start":{"line":6,"column":19},"end":{"line":6,"column":22}},"loc":{"start":{"line":6,"column":24},"end":{"line":8,"column":3}}}},"branchMap":{},"s":{"0":0,"1":0,"2":0,"3":0,"4":0,"5":0,"6":0,"7":0},"f":{"0":0,"1":0},"b":{}}
,"/home/rodrigo/projects/shopimax-apiv2/src/UseCases/agent/getAgents/getAgents.ts": {"path":"/home/rodrigo/projects/shopimax-apiv2/src/UseCases/agent/getAgents/getAgents.ts","statementMap":{"0":{"start":{"line":1,"column":0},"end":{"line":1,"column":45}},"1":{"start":{"line":3,"column":0},"end":{"line":3,"column":58}},"2":{"start":{"line":13,"column":4},"end":{"line":13,"column":43}},"3":{"start":{"line":17,"column":4},"end":{"line":22,"column":5}},"4":{"start":{"line":18,"column":21},"end":{"line":18,"column":59}},"5":{"start":{"line":19,"column":6},"end":{"line":19,"column":24}},"6":{"start":{"line":21,"column":6},"end":{"line":21,"column":45}},"7":{"start":{"line":26,"column":0},"end":{"line":26,"column":25}}},"fnMap":{"0":{"name":"(anonymous_0)","decl":{"start":{"line":12,"column":2},"end":{"line":12,"column":14}},"loc":{"start":{"line":12,"column":48},"end":{"line":14,"column":3}}},"1":{"name":"(anonymous_1)","decl":{"start":{"line":16,"column":2},"end":{"line":16,"column":7}},"loc":{"start":{"line":16,"column":59},"end":{"line":23,"column":3}}}},"branchMap":{},"s":{"0":0,"1":0,"2":0,"3":0,"4":0,"5":0,"6":0,"7":0},"f":{"0":0,"1":0},"b":{}}
,"/home/rodrigo/projects/shopimax-apiv2/src/UseCases/agent/getAgents/index.ts": {"path":"/home/rodrigo/projects/shopimax-apiv2/src/UseCases/agent/getAgents/index.ts","statementMap":{"0":{"start":{"line":1,"column":0},"end":{"line":1,"column":56}},"1":{"start":{"line":2,"column":0},"end":{"line":2,"column":36}},"2":{"start":{"line":4,"column":18},"end":{"line":4,"column":48}},"3":{"start":{"line":6,"column":9},"end":{"line":6,"column":18}}},"fnMap":{},"branchMap":{},"s":{"0":0,"1":0,"2":0,"3":0},"f":{},"b":{}}
,"/home/rodrigo/projects/shopimax-apiv2/src/UseCases/order/createOrder/createOrder.ts": {"path":"/home/rodrigo/projects/shopimax-apiv2/src/UseCases/order/createOrder/createOrder.ts","statementMap":{"0":{"start":{"line":1,"column":0},"end":{"line":1,"column":41}},"1":{"start":{"line":3,"column":0},"end":{"line":3,"column":58}},"2":{"start":{"line":14,"column":4},"end":{"line":14,"column":43}},"3":{"start":{"line":18,"column":4},"end":{"line":28,"column":5}},"4":{"start":{"line":19,"column":42},"end":{"line":19,"column":49}},"5":{"start":{"line":20,"column":6},"end":{"line":20,"column":null}},"6":{"start":{"line":25,"column":6},"end":{"line":25,"column":49}},"7":{"start":{"line":27,"column":6},"end":{"line":27,"column":45}},"8":{"start":{"line":32,"column":0},"end":{"line":32,"column":27}}},"fnMap":{"0":{"name":"(anonymous_0)","decl":{"start":{"line":13,"column":2},"end":{"line":13,"column":14}},"loc":{"start":{"line":13,"column":47},"end":{"line":15,"column":3}}},"1":{"name":"(anonymous_1)","decl":{"start":{"line":17,"column":2},"end":{"line":17,"column":7}},"loc":{"start":{"line":17,"column":61},"end":{"line":29,"column":3}}}},"branchMap":{},"s":{"0":0,"1":0,"2":0,"3":0,"4":0,"5":0,"6":0,"7":0,"8":0},"f":{"0":0,"1":0},"b":{}}
,"/home/rodrigo/projects/shopimax-apiv2/src/UseCases/order/createOrder/createOrderErrors.ts": {"path":"/home/rodrigo/projects/shopimax-apiv2/src/UseCases/order/createOrder/createOrderErrors.ts","statementMap":{"0":{"start":{"line":3,"column":4},"end":{"line":3,"column":19}},"1":{"start":{"line":7,"column":9},"end":{"line":7,"column":35}}},"fnMap":{"0":{"name":"(anonymous_0)","decl":{"start":{"line":2,"column":2},"end":{"line":2,"column":14}},"loc":{"start":{"line":2,"column":29},"end":{"line":4,"column":3}}}},"branchMap":{},"s":{"0":0,"1":0},"f":{"0":0},"b":{}}
,"/home/rodrigo/projects/shopimax-apiv2/src/UseCases/order/createOrder/index.ts": {"path":"/home/rodrigo/projects/shopimax-apiv2/src/UseCases/order/createOrder/index.ts","statementMap":{"0":{"start":{"line":1,"column":0},"end":{"line":1,"column":56}},"1":{"start":{"line":2,"column":0},"end":{"line":2,"column":40}},"2":{"start":{"line":4,"column":20},"end":{"line":4,"column":52}},"3":{"start":{"line":6,"column":9},"end":{"line":6,"column":20}}},"fnMap":{},"branchMap":{},"s":{"0":0,"1":0,"2":0,"3":0},"f":{},"b":{}}
,"/home/rodrigo/projects/shopimax-apiv2/src/UseCases/order/getOrder/getOrder.ts": {"path":"/home/rodrigo/projects/shopimax-apiv2/src/UseCases/order/getOrder/getOrder.ts","statementMap":{"0":{"start":{"line":1,"column":0},"end":{"line":1,"column":45}},"1":{"start":{"line":3,"column":0},"end":{"line":3,"column":58}},"2":{"start":{"line":4,"column":0},"end":{"line":4,"column":82}},"3":{"start":{"line":14,"column":4},"end":{"line":14,"column":43}},"4":{"start":{"line":18,"column":4},"end":{"line":29,"column":5}},"5":{"start":{"line":19,"column":21},"end":{"line":19,"column":28}},"6":{"start":{"line":20,"column":20},"end":{"line":20,"column":59}},"7":{"start":{"line":22,"column":6},"end":{"line":24,"column":7}},"8":{"start":{"line":23,"column":8},"end":{"line":23,"column":48}},"9":{"start":{"line":26,"column":6},"end":{"line":26,"column":23}},"10":{"start":{"line":28,"column":6},"end":{"line":28,"column":45}},"11":{"start":{"line":33,"column":0},"end":{"line":33,"column":24}}},"fnMap":{"0":{"name":"(anonymous_0)","decl":{"start":{"line":13,"column":2},"end":{"line":13,"column":14}},"loc":{"start":{"line":13,"column":47},"end":{"line":15,"column":3}}},"1":{"name":"(anonymous_1)","decl":{"start":{"line":17,"column":2},"end":{"line":17,"column":7}},"loc":{"start":{"line":17,"column":58},"end":{"line":30,"column":3}}}},"branchMap":{"0":{"loc":{"start":{"line":22,"column":6},"end":{"line":24,"column":7}},"type":"if","locations":[{"start":{"line":22,"column":6},"end":{"line":24,"column":7}}]}},"s":{"0":0,"1":0,"2":0,"3":0,"4":0,"5":0,"6":0,"7":0,"8":0,"9":0,"10":0,"11":0},"f":{"0":0,"1":0},"b":{"0":[0]}}
,"/home/rodrigo/projects/shopimax-apiv2/src/UseCases/order/getOrder/getOrderErrors.ts": {"path":"/home/rodrigo/projects/shopimax-apiv2/src/UseCases/order/getOrder/getOrderErrors.ts","statementMap":{"0":{"start":{"line":3,"column":4},"end":{"line":3,"column":19}},"1":{"start":{"line":13,"column":9},"end":{"line":13,"column":32}},"2":{"start":{"line":9,"column":4},"end":{"line":9,"column":29}},"3":{"start":{"line":13,"column":34},"end":{"line":13,"column":55}}},"fnMap":{"0":{"name":"(anonymous_0)","decl":{"start":{"line":2,"column":2},"end":{"line":2,"column":14}},"loc":{"start":{"line":2,"column":29},"end":{"line":4,"column":3}}},"1":{"name":"(anonymous_1)","decl":{"start":{"line":8,"column":2},"end":{"line":8,"column":null}},"loc":{"start":{"line":8,"column":2},"end":{"line":10,"column":3}}}},"branchMap":{},"s":{"0":0,"1":0,"2":0,"3":0},"f":{"0":0,"1":0},"b":{}}
,"/home/rodrigo/projects/shopimax-apiv2/src/UseCases/order/getOrder/index.ts": {"path":"/home/rodrigo/projects/shopimax-apiv2/src/UseCases/order/getOrder/index.ts","statementMap":{"0":{"start":{"line":1,"column":0},"end":{"line":1,"column":56}},"1":{"start":{"line":2,"column":0},"end":{"line":2,"column":34}},"2":{"start":{"line":4,"column":17},"end":{"line":4,"column":46}},"3":{"start":{"line":6,"column":9},"end":{"line":6,"column":17}}},"fnMap":{},"branchMap":{},"s":{"0":0,"1":0,"2":0,"3":0},"f":{},"b":{}}
,"/home/rodrigo/projects/shopimax-apiv2/src/UseCases/order/processOrder/index.ts": {"path":"/home/rodrigo/projects/shopimax-apiv2/src/UseCases/order/processOrder/index.ts","statementMap":{"0":{"start":{"line":1,"column":0},"end":{"line":1,"column":56}},"1":{"start":{"line":2,"column":0},"end":{"line":2,"column":42}},"2":{"start":{"line":4,"column":21},"end":{"line":4,"column":54}},"3":{"start":{"line":6,"column":9},"end":{"line":6,"column":21}}},"fnMap":{},"branchMap":{},"s":{"0":0,"1":0,"2":0,"3":0},"f":{},"b":{}}
,"/home/rodrigo/projects/shopimax-apiv2/src/UseCases/order/processOrder/processOrder.ts": {"path":"/home/rodrigo/projects/shopimax-apiv2/src/UseCases/order/processOrder/processOrder.ts","statementMap":{"0":{"start":{"line":1,"column":0},"end":{"line":1,"column":45}},"1":{"start":{"line":3,"column":0},"end":{"line":3,"column":81}},"2":{"start":{"line":4,"column":0},"end":{"line":4,"column":67}},"3":{"start":{"line":7,"column":0},"end":{"line":7,"column":74}},"4":{"start":{"line":8,"column":0},"end":{"line":8,"column":72}},"5":{"start":{"line":10,"column":0},"end":{"line":10,"column":44}},"6":{"start":{"line":26,"column":4},"end":{"line":26,"column":43}},"7":{"start":{"line":32,"column":55},"end":{"line":32,"column":57}},"8":{"start":{"line":33,"column":4},"end":{"line":50,"column":5}},"9":{"start":{"line":34,"column":60},"end":{"line":40,"column":8}},"10":{"start":{"line":41,"column":28},"end":{"line":41,"column":77}},"11":{"start":{"line":42,"column":6},"end":{"line":44,"column":7}},"12":{"start":{"line":43,"column":8},"end":{"line":43,"column":81}},"13":{"start":{"line":45,"column":6},"end":{"line":49,"column":9}},"14":{"start":{"line":51,"column":4},"end":{"line":51,"column":31}},"15":{"start":{"line":55,"column":4},"end":{"line":100,"column":5}},"16":{"start":{"line":56,"column":30},"end":{"line":56,"column":101}},"17":{"start":{"line":58,"column":6},"end":{"line":60,"column":7}},"18":{"start":{"line":59,"column":8},"end":{"line":59,"column":75}},"19":{"start":{"line":62,"column":63},"end":{"line":62,"column":84}},"20":{"start":{"line":64,"column":26},"end":{"line":64,"column":90}},"21":{"start":{"line":66,"column":6},"end":{"line":68,"column":7}},"22":{"start":{"line":67,"column":8},"end":{"line":67,"column":77}},"23":{"start":{"line":70,"column":55},"end":{"line":70,"column":57}},"24":{"start":{"line":72,"column":36},"end":{"line":72,"column":72}},"25":{"start":{"line":74,"column":6},"end":{"line":76,"column":7}},"26":{"start":{"line":75,"column":8},"end":{"line":75,"column":48}},"27":{"start":{"line":78,"column":6},"end":{"line":78,"column":52}},"28":{"start":{"line":80,"column":55},"end":{"line":95,"column":8}},"29":{"start":{"line":96,"column":20},"end":{"line":96,"column":106}},"30":{"start":{"line":97,"column":6},"end":{"line":97,"column":23}},"31":{"start":{"line":99,"column":6},"end":{"line":99,"column":45}},"32":{"start":{"line":104,"column":0},"end":{"line":104,"column":28}}},"fnMap":{"0":{"name":"(anonymous_0)","decl":{"start":{"line":25,"column":2},"end":{"line":25,"column":14}},"loc":{"start":{"line":25,"column":47},"end":{"line":27,"column":3}}},"1":{"name":"(anonymous_1)","decl":{"start":{"line":29,"column":10},"end":{"line":29,"column":15}},"loc":{"start":{"line":30,"column":37},"end":{"line":52,"column":3}}},"2":{"name":"(anonymous_2)","decl":{"start":{"line":54,"column":2},"end":{"line":54,"column":7}},"loc":{"start":{"line":54,"column":62},"end":{"line":101,"column":3}}}},"branchMap":{"0":{"loc":{"start":{"line":42,"column":6},"end":{"line":44,"column":7}},"type":"if","locations":[{"start":{"line":42,"column":6},"end":{"line":44,"column":7}}]},"1":{"loc":{"start":{"line":58,"column":6},"end":{"line":60,"column":7}},"type":"if","locations":[{"start":{"line":58,"column":6},"end":{"line":60,"column":7}}]},"2":{"loc":{"start":{"line":66,"column":6},"end":{"line":68,"column":7}},"type":"if","locations":[{"start":{"line":66,"column":6},"end":{"line":68,"column":7}}]},"3":{"loc":{"start":{"line":74,"column":6},"end":{"line":76,"column":7}},"type":"if","locations":[{"start":{"line":74,"column":6},"end":{"line":76,"column":7}}]}},"s":{"0":0,"1":0,"2":0,"3":0,"4":0,"5":0,"6":0,"7":0,"8":0,"9":0,"10":0,"11":0,"12":0,"13":0,"14":0,"15":0,"16":0,"17":0,"18":0,"19":0,"20":0,"21":0,"22":0,"23":0,"24":0,"25":0,"26":0,"27":0,"28":0,"29":0,"30":0,"31":0,"32":0},"f":{"0":0,"1":0,"2":0},"b":{"0":[0],"1":[0],"2":[0],"3":[0]}}
,"/home/rodrigo/projects/shopimax-apiv2/src/UseCases/order/processOrder/processOrderErrors.ts": {"path":"/home/rodrigo/projects/shopimax-apiv2/src/UseCases/order/processOrder/processOrderErrors.ts","statementMap":{"0":{"start":{"line":3,"column":4},"end":{"line":3,"column":19}},"1":{"start":{"line":7,"column":9},"end":{"line":7,"column":36}}},"fnMap":{"0":{"name":"(anonymous_0)","decl":{"start":{"line":2,"column":2},"end":{"line":2,"column":14}},"loc":{"start":{"line":2,"column":29},"end":{"line":4,"column":3}}}},"branchMap":{},"s":{"0":0,"1":0},"f":{"0":0},"b":{}}
,"/home/rodrigo/projects/shopimax-apiv2/src/UseCases/product/createProduct/createProduct.ts": {"path":"/home/rodrigo/projects/shopimax-apiv2/src/UseCases/product/createProduct/createProduct.ts","statementMap":{"0":{"start":{"line":1,"column":0},"end":{"line":1,"column":45}},"1":{"start":{"line":3,"column":0},"end":{"line":3,"column":81}},"2":{"start":{"line":4,"column":0},"end":{"line":4,"column":69}},"3":{"start":{"line":6,"column":0},"end":{"line":6,"column":78}},"4":{"start":{"line":8,"column":0},"end":{"line":8,"column":56}},"5":{"start":{"line":16,"column":4},"end":{"line":16,"column":47}},"6":{"start":{"line":20,"column":4},"end":{"line":72,"column":5}},"7":{"start":{"line":21,"column":25},"end":{"line":21,"column":32}},"8":{"start":{"line":23,"column":26},"end":{"line":23,"column":104}},"9":{"start":{"line":25,"column":6},"end":{"line":27,"column":7}},"10":{"start":{"line":26,"column":8},"end":{"line":26,"column":72}},"11":{"start":{"line":29,"column":29},"end":{"line":29,"column":52}},"12":{"start":{"line":33,"column":6},"end":{"line":37,"column":7}},"13":{"start":{"line":34,"column":8},"end":{"line":34,"column":37}},"14":{"start":{"line":36,"column":8},"end":{"line":36,"column":39}},"15":{"start":{"line":39,"column":49},"end":{"line":42,"column":8}},"16":{"start":{"line":44,"column":28},"end":{"line":47,"column":8}},"17":{"start":{"line":49,"column":6},"end":{"line":51,"column":7}},"18":{"start":{"line":50,"column":8},"end":{"line":50,"column":114}},"19":{"start":{"line":53,"column":6},"end":{"line":55,"column":7}},"20":{"start":{"line":54,"column":8},"end":{"line":54,"column":33}},"21":{"start":{"line":57,"column":6},"end":{"line":62,"column":7}},"22":{"start":{"line":58,"column":8},"end":{"line":60,"column":9}},"23":{"start":{"line":59,"column":10},"end":{"line":59,"column":105}},"24":{"start":{"line":61,"column":8},"end":{"line":61,"column":89}},"25":{"start":{"line":64,"column":6},"end":{"line":66,"column":7}},"26":{"start":{"line":65,"column":8},"end":{"line":65,"column":60}},"27":{"start":{"line":68,"column":21},"end":{"line":68,"column":91}},"28":{"start":{"line":69,"column":6},"end":{"line":69,"column":24}},"29":{"start":{"line":71,"column":6},"end":{"line":71,"column":45}},"30":{"start":{"line":76,"column":0},"end":{"line":76,"column":29}}},"fnMap":{"0":{"name":"(anonymous_0)","decl":{"start":{"line":15,"column":2},"end":{"line":15,"column":14}},"loc":{"start":{"line":15,"column":51},"end":{"line":17,"column":3}}},"1":{"name":"(anonymous_1)","decl":{"start":{"line":19,"column":2},"end":{"line":19,"column":7}},"loc":{"start":{"line":19,"column":53},"end":{"line":73,"column":3}}}},"branchMap":{"0":{"loc":{"start":{"line":25,"column":6},"end":{"line":27,"column":7}},"type":"if","locations":[{"start":{"line":25,"column":6},"end":{"line":27,"column":7}}]},"1":{"loc":{"start":{"line":33,"column":6},"end":{"line":37,"column":7}},"type":"if","locations":[{"start":{"line":33,"column":6},"end":{"line":37,"column":7}},{"start":{"line":35,"column":13},"end":{"line":37,"column":7}}]},"2":{"loc":{"start":{"line":49,"column":6},"end":{"line":51,"column":7}},"type":"if","locations":[{"start":{"line":49,"column":6},"end":{"line":51,"column":7}}]},"3":{"loc":{"start":{"line":49,"column":10},"end":{"line":49,"column":55}},"type":"binary-expr","locations":[{"start":{"line":49,"column":10},"end":{"line":49,"column":23}},{"start":{"line":49,"column":27},"end":{"line":49,"column":55}}]},"4":{"loc":{"start":{"line":53,"column":6},"end":{"line":55,"column":7}},"type":"if","locations":[{"start":{"line":53,"column":6},"end":{"line":55,"column":7}}]},"5":{"loc":{"start":{"line":53,"column":10},"end":{"line":53,"column":55}},"type":"binary-expr","locations":[{"start":{"line":53,"column":10},"end":{"line":53,"column":23}},{"start":{"line":53,"column":27},"end":{"line":53,"column":55}}]},"6":{"loc":{"start":{"line":57,"column":6},"end":{"line":62,"column":7}},"type":"if","locations":[{"start":{"line":57,"column":6},"end":{"line":62,"column":7}}]},"7":{"loc":{"start":{"line":58,"column":8},"end":{"line":60,"column":9}},"type":"if","locations":[{"start":{"line":58,"column":8},"end":{"line":60,"column":9}}]},"8":{"loc":{"start":{"line":64,"column":6},"end":{"line":66,"column":7}},"type":"if","locations":[{"start":{"line":64,"column":6},"end":{"line":66,"column":7}}]}},"s":{"0":0,"1":0,"2":0,"3":0,"4":0,"5":0,"6":0,"7":0,"8":0,"9":0,"10":0,"11":0,"12":0,"13":0,"14":0,"15":0,"16":0,"17":0,"18":0,"19":0,"20":0,"21":0,"22":0,"23":0,"24":0,"25":0,"26":0,"27":0,"28":0,"29":0,"30":0},"f":{"0":0,"1":0},"b":{"0":[0],"1":[0,0],"2":[0],"3":[0,0],"4":[0],"5":[0,0],"6":[0],"7":[0],"8":[0]}}
,"/home/rodrigo/projects/shopimax-apiv2/src/UseCases/product/createProduct/createProductErrors.ts": {"path":"/home/rodrigo/projects/shopimax-apiv2/src/UseCases/product/createProduct/createProductErrors.ts","statementMap":{"0":{"start":{"line":3,"column":4},"end":{"line":3,"column":19}},"1":{"start":{"line":7,"column":9},"end":{"line":7,"column":37}}},"fnMap":{"0":{"name":"(anonymous_0)","decl":{"start":{"line":2,"column":2},"end":{"line":2,"column":14}},"loc":{"start":{"line":2,"column":29},"end":{"line":4,"column":3}}}},"branchMap":{},"s":{"0":0,"1":0},"f":{"0":0},"b":{}}
,"/home/rodrigo/projects/shopimax-apiv2/src/UseCases/product/createProduct/index.ts": {"path":"/home/rodrigo/projects/shopimax-apiv2/src/UseCases/product/createProduct/index.ts","statementMap":{"0":{"start":{"line":1,"column":0},"end":{"line":1,"column":58}},"1":{"start":{"line":2,"column":0},"end":{"line":2,"column":44}},"2":{"start":{"line":4,"column":22},"end":{"line":4,"column":58}},"3":{"start":{"line":6,"column":9},"end":{"line":6,"column":22}}},"fnMap":{},"branchMap":{},"s":{"0":0,"1":0,"2":0,"3":0},"f":{},"b":{}}
,"/home/rodrigo/projects/shopimax-apiv2/src/UseCases/product/getProduct/getProduct.ts": {"path":"/home/rodrigo/projects/shopimax-apiv2/src/UseCases/product/getProduct/getProduct.ts","statementMap":{"0":{"start":{"line":1,"column":0},"end":{"line":1,"column":45}},"1":{"start":{"line":3,"column":0},"end":{"line":3,"column":58}},"2":{"start":{"line":4,"column":0},"end":{"line":4,"column":88}},"3":{"start":{"line":14,"column":4},"end":{"line":14,"column":47}},"4":{"start":{"line":18,"column":4},"end":{"line":26,"column":5}},"5":{"start":{"line":19,"column":21},"end":{"line":19,"column":69}},"6":{"start":{"line":20,"column":6},"end":{"line":22,"column":7}},"7":{"start":{"line":21,"column":8},"end":{"line":21,"column":50}},"8":{"start":{"line":23,"column":6},"end":{"line":23,"column":24}},"9":{"start":{"line":25,"column":6},"end":{"line":25,"column":45}},"10":{"start":{"line":30,"column":0},"end":{"line":30,"column":26}}},"fnMap":{"0":{"name":"(anonymous_0)","decl":{"start":{"line":13,"column":2},"end":{"line":13,"column":14}},"loc":{"start":{"line":13,"column":51},"end":{"line":15,"column":3}}},"1":{"name":"(anonymous_1)","decl":{"start":{"line":17,"column":2},"end":{"line":17,"column":7}},"loc":{"start":{"line":17,"column":54},"end":{"line":27,"column":3}}}},"branchMap":{"0":{"loc":{"start":{"line":20,"column":6},"end":{"line":22,"column":7}},"type":"if","locations":[{"start":{"line":20,"column":6},"end":{"line":22,"column":7}}]}},"s":{"0":0,"1":0,"2":0,"3":0,"4":0,"5":0,"6":0,"7":0,"8":0,"9":0,"10":0},"f":{"0":0,"1":0},"b":{"0":[0]}}
,"/home/rodrigo/projects/shopimax-apiv2/src/UseCases/product/getProduct/getProductErrors.ts": {"path":"/home/rodrigo/projects/shopimax-apiv2/src/UseCases/product/getProduct/getProductErrors.ts","statementMap":{"0":{"start":{"line":3,"column":4},"end":{"line":3,"column":19}},"1":{"start":{"line":13,"column":9},"end":{"line":13,"column":34}},"2":{"start":{"line":9,"column":4},"end":{"line":9,"column":31}},"3":{"start":{"line":13,"column":36},"end":{"line":13,"column":59}}},"fnMap":{"0":{"name":"(anonymous_0)","decl":{"start":{"line":2,"column":2},"end":{"line":2,"column":14}},"loc":{"start":{"line":2,"column":29},"end":{"line":4,"column":3}}},"1":{"name":"(anonymous_1)","decl":{"start":{"line":8,"column":2},"end":{"line":8,"column":null}},"loc":{"start":{"line":8,"column":2},"end":{"line":10,"column":3}}}},"branchMap":{},"s":{"0":0,"1":0,"2":0,"3":0},"f":{"0":0,"1":0},"b":{}}
,"/home/rodrigo/projects/shopimax-apiv2/src/UseCases/product/getProduct/index.ts": {"path":"/home/rodrigo/projects/shopimax-apiv2/src/UseCases/product/getProduct/index.ts","statementMap":{"0":{"start":{"line":1,"column":0},"end":{"line":1,"column":58}},"1":{"start":{"line":2,"column":0},"end":{"line":2,"column":38}},"2":{"start":{"line":4,"column":19},"end":{"line":4,"column":52}},"3":{"start":{"line":6,"column":9},"end":{"line":6,"column":19}}},"fnMap":{},"branchMap":{},"s":{"0":0,"1":0,"2":0,"3":0},"f":{},"b":{}}
,"/home/rodrigo/projects/shopimax-apiv2/src/UseCases/product/getProducts/getProducts.ts": {"path":"/home/rodrigo/projects/shopimax-apiv2/src/UseCases/product/getProducts/getProducts.ts","statementMap":{"0":{"start":{"line":1,"column":0},"end":{"line":1,"column":45}},"1":{"start":{"line":3,"column":0},"end":{"line":3,"column":103}},"2":{"start":{"line":4,"column":0},"end":{"line":4,"column":65}},"3":{"start":{"line":15,"column":4},"end":{"line":15,"column":47}},"4":{"start":{"line":19,"column":4},"end":{"line":34,"column":5}},"5":{"start":{"line":20,"column":52},"end":{"line":20,"column":59}},"6":{"start":{"line":21,"column":30},"end":{"line":26,"column":8}},"7":{"start":{"line":27,"column":6},"end":{"line":29,"column":7}},"8":{"start":{"line":28,"column":8},"end":{"line":28,"column":74}},"9":{"start":{"line":30,"column":21},"end":{"line":30,"column":70}},"10":{"start":{"line":31,"column":6},"end":{"line":31,"column":24}},"11":{"start":{"line":33,"column":6},"end":{"line":33,"column":45}},"12":{"start":{"line":38,"column":0},"end":{"line":38,"column":27}}},"fnMap":{"0":{"name":"(anonymous_0)","decl":{"start":{"line":14,"column":2},"end":{"line":14,"column":14}},"loc":{"start":{"line":14,"column":51},"end":{"line":16,"column":3}}},"1":{"name":"(anonymous_1)","decl":{"start":{"line":18,"column":2},"end":{"line":18,"column":7}},"loc":{"start":{"line":18,"column":61},"end":{"line":35,"column":3}}}},"branchMap":{"0":{"loc":{"start":{"line":27,"column":6},"end":{"line":29,"column":7}},"type":"if","locations":[{"start":{"line":27,"column":6},"end":{"line":29,"column":7}}]}},"s":{"0":0,"1":0,"2":0,"3":0,"4":0,"5":0,"6":0,"7":0,"8":0,"9":0,"10":0,"11":0,"12":0},"f":{"0":0,"1":0},"b":{"0":[0]}}
,"/home/rodrigo/projects/shopimax-apiv2/src/UseCases/product/getProducts/getProductsErrors.ts": {"path":"/home/rodrigo/projects/shopimax-apiv2/src/UseCases/product/getProducts/getProductsErrors.ts","statementMap":{"0":{"start":{"line":3,"column":4},"end":{"line":3,"column":19}},"1":{"start":{"line":7,"column":9},"end":{"line":7,"column":35}}},"fnMap":{"0":{"name":"(anonymous_0)","decl":{"start":{"line":2,"column":2},"end":{"line":2,"column":14}},"loc":{"start":{"line":2,"column":29},"end":{"line":4,"column":3}}}},"branchMap":{},"s":{"0":0,"1":0},"f":{"0":0},"b":{}}
,"/home/rodrigo/projects/shopimax-apiv2/src/UseCases/product/getProducts/index.ts": {"path":"/home/rodrigo/projects/shopimax-apiv2/src/UseCases/product/getProducts/index.ts","statementMap":{"0":{"start":{"line":1,"column":0},"end":{"line":1,"column":58}},"1":{"start":{"line":2,"column":0},"end":{"line":2,"column":40}},"2":{"start":{"line":4,"column":20},"end":{"line":4,"column":54}},"3":{"start":{"line":6,"column":9},"end":{"line":6,"column":20}}},"fnMap":{},"branchMap":{},"s":{"0":0,"1":0,"2":0,"3":0},"f":{},"b":{}}
,"/home/rodrigo/projects/shopimax-apiv2/src/config/dbconfig.ts": {"path":"/home/rodrigo/projects/shopimax-apiv2/src/config/dbconfig.ts","statementMap":{"0":{"start":{"line":1,"column":0},"end":{"line":1,"column":35}},"1":{"start":{"line":2,"column":0},"end":{"line":2,"column":34}},"2":{"start":{"line":4,"column":13},"end":{"line":9,"column":2}},"3":{"start":{"line":6,"column":15},"end":{"line":6,"column":39}},"4":{"start":{"line":7,"column":4},"end":{"line":7,"column":61}}},"fnMap":{"0":{"name":"(anonymous_0)","decl":{"start":{"line":5,"column":11},"end":{"line":5,"column":16}},"loc":{"start":{"line":5,"column":22},"end":{"line":8,"column":3}}}},"branchMap":{},"s":{"0":0,"1":0,"2":0,"3":0,"4":0},"f":{"0":0},"b":{}}
,"/home/rodrigo/projects/shopimax-apiv2/src/config/env.ts": {"path":"/home/rodrigo/projects/shopimax-apiv2/src/config/env.ts","statementMap":{"0":{"start":{"line":1,"column":0},"end":{"line":1,"column":28}},"1":{"start":{"line":2,"column":0},"end":{"line":2,"column":16}},"2":{"start":{"line":4,"column":13},"end":{"line":4,"column":45}},"3":{"start":{"line":5,"column":13},"end":{"line":5,"column":92}},"4":{"start":{"line":6,"column":13},"end":{"line":6,"column":61}}},"fnMap":{},"branchMap":{"0":{"loc":{"start":{"line":4,"column":20},"end":{"line":4,"column":44}},"type":"binary-expr","locations":[{"start":{"line":4,"column":20},"end":{"line":4,"column":36}},{"start":{"line":4,"column":40},"end":{"line":4,"column":44}}]},"1":{"loc":{"start":{"line":5,"column":25},"end":{"line":5,"column":91}},"type":"binary-expr","locations":[{"start":{"line":5,"column":25},"end":{"line":5,"column":46}},{"start":{"line":5,"column":50},"end":{"line":5,"column":91}}]},"2":{"loc":{"start":{"line":6,"column":26},"end":{"line":6,"column":60}},"type":"binary-expr","locations":[{"start":{"line":6,"column":26},"end":{"line":6,"column":48}},{"start":{"line":6,"column":52},"end":{"line":6,"column":60}}]}},"s":{"0":0,"1":0,"2":0,"3":0,"4":0},"f":{},"b":{"0":[0,0],"1":[0,0],"2":[0,0]}}
,"/home/rodrigo/projects/shopimax-apiv2/src/config/index.ts": {"path":"/home/rodrigo/projects/shopimax-apiv2/src/config/index.ts","statementMap":{"0":{"start":{"line":1,"column":0},"end":{"line":1,"column":22}},"1":{"start":{"line":2,"column":0},"end":{"line":2,"column":27}}},"fnMap":{},"branchMap":{},"s":{"0":0,"1":0},"f":{},"b":{}}
,"/home/rodrigo/projects/shopimax-apiv2/src/controllers/agent.controller.ts": {"path":"/home/rodrigo/projects/shopimax-apiv2/src/controllers/agent.controller.ts","statementMap":{"0":{"start":{"line":2,"column":0},"end":{"line":2,"column":38}},"1":{"start":{"line":3,"column":0},"end":{"line":3,"column":56}},"2":{"start":{"line":4,"column":0},"end":{"line":4,"column":36}},"3":{"start":{"line":8,"column":4},"end":{"line":8,"column":47}},"4":{"start":{"line":12,"column":19},"end":{"line":12,"column":46}},"5":{"start":{"line":13,"column":4},"end":{"line":19,"column":5}},"6":{"start":{"line":14,"column":20},"end":{"line":14,"column":32}},"7":{"start":{"line":15,"column":6},"end":{"line":18,"column":7}},"8":{"start":{"line":17,"column":10},"end":{"line":17,"column":96}},"9":{"start":{"line":20,"column":4},"end":{"line":20,"column":54}},"10":{"start":{"line":6,"column":0},"end":{"line":6,"column":13}}},"fnMap":{"0":{"name":"(anonymous_0)","decl":{"start":{"line":7,"column":2},"end":{"line":7,"column":null}},"loc":{"start":{"line":7,"column":2},"end":{"line":9,"column":3}}},"1":{"name":"(anonymous_1)","decl":{"start":{"line":11,"column":2},"end":{"line":11,"column":7}},"loc":{"start":{"line":11,"column":45},"end":{"line":21,"column":3}}}},"branchMap":{"0":{"loc":{"start":{"line":13,"column":4},"end":{"line":19,"column":5}},"type":"if","locations":[{"start":{"line":13,"column":4},"end":{"line":19,"column":5}}]},"1":{"loc":{"start":{"line":15,"column":6},"end":{"line":18,"column":7}},"type":"switch","locations":[{"start":{"line":16,"column":8},"end":{"line":17,"column":96}}]}},"s":{"0":0,"1":0,"2":0,"3":0,"4":0,"5":0,"6":0,"7":0,"8":0,"9":0,"10":0},"f":{"0":0,"1":0},"b":{"0":[0],"1":[0]}}
,"/home/rodrigo/projects/shopimax-apiv2/src/controllers/index.ts": {"path":"/home/rodrigo/projects/shopimax-apiv2/src/controllers/index.ts","statementMap":{"0":{"start":{"line":1,"column":0},"end":{"line":1,"column":37}},"1":{"start":{"line":2,"column":0},"end":{"line":2,"column":35}},"2":{"start":{"line":3,"column":0},"end":{"line":3,"column":35}}},"fnMap":{},"branchMap":{},"s":{"0":0,"1":0,"2":0},"f":{},"b":{}}
,"/home/rodrigo/projects/shopimax-apiv2/src/controllers/order.controller.ts": {"path":"/home/rodrigo/projects/shopimax-apiv2/src/controllers/order.controller.ts","statementMap":{"0":{"start":{"line":3,"column":0},"end":{"line":3,"column":62}},"1":{"start":{"line":4,"column":0},"end":{"line":4,"column":96}},"2":{"start":{"line":5,"column":0},"end":{"line":5,"column":36}},"3":{"start":{"line":6,"column":0},"end":{"line":6,"column":38}},"4":{"start":{"line":7,"column":0},"end":{"line":7,"column":54}},"5":{"start":{"line":8,"column":0},"end":{"line":8,"column":107}},"6":{"start":{"line":10,"column":0},"end":{"line":10,"column":60}},"7":{"start":{"line":11,"column":0},"end":{"line":11,"column":93}},"8":{"start":{"line":15,"column":4},"end":{"line":15,"column":67}},"9":{"start":{"line":19,"column":19},"end":{"line":19,"column":29}},"10":{"start":{"line":20,"column":19},"end":{"line":20,"column":49}},"11":{"start":{"line":21,"column":4},"end":{"line":31,"column":5}},"12":{"start":{"line":22,"column":20},"end":{"line":22,"column":32}},"13":{"start":{"line":23,"column":6},"end":{"line":30,"column":7}},"14":{"start":{"line":25,"column":10},"end":{"line":25,"column":92}},"15":{"start":{"line":27,"column":10},"end":{"line":27,"column":94}},"16":{"start":{"line":29,"column":10},"end":{"line":29,"column":104}},"17":{"start":{"line":32,"column":4},"end":{"line":32,"column":54}},"18":{"start":{"line":36,"column":20},"end":{"line":36,"column":51}},"19":{"start":{"line":37,"column":19},"end":{"line":37,"column":54}},"20":{"start":{"line":38,"column":4},"end":{"line":46,"column":5}},"21":{"start":{"line":39,"column":20},"end":{"line":39,"column":32}},"22":{"start":{"line":40,"column":6},"end":{"line":45,"column":7}},"23":{"start":{"line":42,"column":10},"end":{"line":42,"column":94}},"24":{"start":{"line":44,"column":10},"end":{"line":44,"column":104}},"25":{"start":{"line":47,"column":4},"end":{"line":47,"column":59}},"26":{"start":{"line":51,"column":20},"end":{"line":51,"column":53}},"27":{"start":{"line":52,"column":19},"end":{"line":52,"column":53}},"28":{"start":{"line":53,"column":4},"end":{"line":61,"column":5}},"29":{"start":{"line":54,"column":20},"end":{"line":54,"column":32}},"30":{"start":{"line":55,"column":6},"end":{"line":60,"column":7}},"31":{"start":{"line":57,"column":10},"end":{"line":57,"column":94}},"32":{"start":{"line":59,"column":10},"end":{"line":59,"column":104}},"33":{"start":{"line":62,"column":4},"end":{"line":62,"column":59}},"34":{"start":{"line":13,"column":0},"end":{"line":13,"column":13}}},"fnMap":{"0":{"name":"(anonymous_0)","decl":{"start":{"line":14,"column":2},"end":{"line":14,"column":null}},"loc":{"start":{"line":14,"column":2},"end":{"line":16,"column":3}}},"1":{"name":"(anonymous_1)","decl":{"start":{"line":18,"column":2},"end":{"line":18,"column":7}},"loc":{"start":{"line":18,"column":44},"end":{"line":33,"column":3}}},"2":{"name":"(anonymous_2)","decl":{"start":{"line":35,"column":2},"end":{"line":35,"column":7}},"loc":{"start":{"line":35,"column":55},"end":{"line":48,"column":3}}},"3":{"name":"(anonymous_3)","decl":{"start":{"line":50,"column":2},"end":{"line":50,"column":7}},"loc":{"start":{"line":50,"column":47},"end":{"line":63,"column":3}}}},"branchMap":{"0":{"loc":{"start":{"line":21,"column":4},"end":{"line":31,"column":5}},"type":"if","locations":[{"start":{"line":21,"column":4},"end":{"line":31,"column":5}}]},"1":{"loc":{"start":{"line":23,"column":6},"end":{"line":30,"column":7}},"type":"switch","locations":[{"start":{"line":24,"column":8},"end":{"line":25,"column":92}},{"start":{"line":26,"column":8},"end":{"line":27,"column":94}},{"start":{"line":28,"column":8},"end":{"line":29,"column":104}}]},"2":{"loc":{"start":{"line":38,"column":4},"end":{"line":46,"column":5}},"type":"if","locations":[{"start":{"line":38,"column":4},"end":{"line":46,"column":5}}]},"3":{"loc":{"start":{"line":40,"column":6},"end":{"line":45,"column":7}},"type":"switch","locations":[{"start":{"line":41,"column":8},"end":{"line":42,"column":94}},{"start":{"line":43,"column":8},"end":{"line":44,"column":104}}]},"4":{"loc":{"start":{"line":53,"column":4},"end":{"line":61,"column":5}},"type":"if","locations":[{"start":{"line":53,"column":4},"end":{"line":61,"column":5}}]},"5":{"loc":{"start":{"line":55,"column":6},"end":{"line":60,"column":7}},"type":"switch","locations":[{"start":{"line":56,"column":8},"end":{"line":57,"column":94}},{"start":{"line":58,"column":8},"end":{"line":59,"column":104}}]}},"s":{"0":0,"1":0,"2":0,"3":0,"4":0,"5":0,"6":0,"7":0,"8":0,"9":0,"10":0,"11":0,"12":0,"13":0,"14":0,"15":0,"16":0,"17":0,"18":0,"19":0,"20":0,"21":0,"22":0,"23":0,"24":0,"25":0,"26":0,"27":0,"28":0,"29":0,"30":0,"31":0,"32":0,"33":0,"34":0},"f":{"0":0,"1":0,"2":0,"3":0},"b":{"0":[0],"1":[0,0,0],"2":[0],"3":[0,0],"4":[0],"5":[0,0]}}
,"/home/rodrigo/projects/shopimax-apiv2/src/controllers/product.controller.ts": {"path":"/home/rodrigo/projects/shopimax-apiv2/src/controllers/product.controller.ts","statementMap":{"0":{"start":{"line":3,"column":0},"end":{"line":3,"column":66}},"1":{"start":{"line":4,"column":0},"end":{"line":4,"column":101}},"2":{"start":{"line":5,"column":0},"end":{"line":5,"column":36}},"3":{"start":{"line":6,"column":0},"end":{"line":6,"column":38}},"4":{"start":{"line":8,"column":0},"end":{"line":8,"column":62}},"5":{"start":{"line":9,"column":0},"end":{"line":9,"column":95}},"6":{"start":{"line":10,"column":0},"end":{"line":10,"column":60}},"7":{"start":{"line":11,"column":0},"end":{"line":11,"column":90}},"8":{"start":{"line":15,"column":4},"end":{"line":15,"column":55}},"9":{"start":{"line":20,"column":6},"end":{"line":20,"column":41}},"10":{"start":{"line":21,"column":19},"end":{"line":30,"column":6}},"11":{"start":{"line":31,"column":4},"end":{"line":39,"column":5}},"12":{"start":{"line":32,"column":20},"end":{"line":32,"column":32}},"13":{"start":{"line":33,"column":6},"end":{"line":38,"column":7}},"14":{"start":{"line":35,"column":10},"end":{"line":35,"column":94}},"15":{"start":{"line":37,"column":10},"end":{"line":37,"column":104}},"16":{"start":{"line":40,"column":4},"end":{"line":40,"column":59}},"17":{"start":{"line":44,"column":40},"end":{"line":44,"column":74}},"18":{"start":{"line":45,"column":19},"end":{"line":49,"column":6}},"19":{"start":{"line":50,"column":4},"end":{"line":58,"column":5}},"20":{"start":{"line":51,"column":20},"end":{"line":51,"column":32}},"21":{"start":{"line":52,"column":6},"end":{"line":57,"column":7}},"22":{"start":{"line":54,"column":10},"end":{"line":54,"column":94}},"23":{"start":{"line":56,"column":10},"end":{"line":56,"column":104}},"24":{"start":{"line":59,"column":4},"end":{"line":59,"column":54}},"25":{"start":{"line":63,"column":19},"end":{"line":63,"column":29}},"26":{"start":{"line":64,"column":19},"end":{"line":64,"column":51}},"27":{"start":{"line":65,"column":4},"end":{"line":73,"column":5}},"28":{"start":{"line":66,"column":20},"end":{"line":66,"column":32}},"29":{"start":{"line":67,"column":6},"end":{"line":72,"column":7}},"30":{"start":{"line":69,"column":10},"end":{"line":69,"column":92}},"31":{"start":{"line":71,"column":10},"end":{"line":71,"column":104}},"32":{"start":{"line":74,"column":4},"end":{"line":74,"column":54}},"33":{"start":{"line":13,"column":0},"end":{"line":13,"column":13}}},"fnMap":{"0":{"name":"(anonymous_0)","decl":{"start":{"line":14,"column":2},"end":{"line":14,"column":null}},"loc":{"start":{"line":14,"column":2},"end":{"line":16,"column":3}}},"1":{"name":"(anonymous_1)","decl":{"start":{"line":18,"column":2},"end":{"line":18,"column":7}},"loc":{"start":{"line":18,"column":49},"end":{"line":41,"column":3}}},"2":{"name":"(anonymous_2)","decl":{"start":{"line":43,"column":2},"end":{"line":43,"column":7}},"loc":{"start":{"line":43,"column":47},"end":{"line":60,"column":3}}},"3":{"name":"(anonymous_3)","decl":{"start":{"line":62,"column":2},"end":{"line":62,"column":7}},"loc":{"start":{"line":62,"column":46},"end":{"line":75,"column":3}}}},"branchMap":{"0":{"loc":{"start":{"line":31,"column":4},"end":{"line":39,"column":5}},"type":"if","locations":[{"start":{"line":31,"column":4},"end":{"line":39,"column":5}}]},"1":{"loc":{"start":{"line":33,"column":6},"end":{"line":38,"column":7}},"type":"switch","locations":[{"start":{"line":34,"column":8},"end":{"line":35,"column":94}},{"start":{"line":36,"column":8},"end":{"line":37,"column":104}}]},"2":{"loc":{"start":{"line":46,"column":13},"end":{"line":46,"column":39}},"type":"binary-expr","locations":[{"start":{"line":46,"column":13},"end":{"line":46,"column":26}},{"start":{"line":46,"column":30},"end":{"line":46,"column":39}}]},"3":{"loc":{"start":{"line":47,"column":12},"end":{"line":47,"column":37}},"type":"binary-expr","locations":[{"start":{"line":47,"column":12},"end":{"line":47,"column":24}},{"start":{"line":47,"column":28},"end":{"line":47,"column":37}}]},"4":{"loc":{"start":{"line":50,"column":4},"end":{"line":58,"column":5}},"type":"if","locations":[{"start":{"line":50,"column":4},"end":{"line":58,"column":5}}]},"5":{"loc":{"start":{"line":52,"column":6},"end":{"line":57,"column":7}},"type":"switch","locations":[{"start":{"line":53,"column":8},"end":{"line":54,"column":94}},{"start":{"line":55,"column":8},"end":{"line":56,"column":104}}]},"6":{"loc":{"start":{"line":65,"column":4},"end":{"line":73,"column":5}},"type":"if","locations":[{"start":{"line":65,"column":4},"end":{"line":73,"column":5}}]},"7":{"loc":{"start":{"line":67,"column":6},"end":{"line":72,"column":7}},"type":"switch","locations":[{"start":{"line":68,"column":8},"end":{"line":69,"column":92}},{"start":{"line":70,"column":8},"end":{"line":71,"column":104}}]}},"s":{"0":0,"1":0,"2":0,"3":0,"4":0,"5":0,"6":0,"7":0,"8":0,"9":0,"10":0,"11":0,"12":0,"13":0,"14":0,"15":0,"16":0,"17":0,"18":0,"19":0,"20":0,"21":0,"22":0,"23":0,"24":0,"25":0,"26":0,"27":0,"28":0,"29":0,"30":0,"31":0,"32":0,"33":0},"f":{"0":0,"1":0,"2":0,"3":0},"b":{"0":[0],"1":[0,0],"2":[0,0],"3":[0,0],"4":[0],"5":[0,0],"6":[0],"7":[0,0]}}
,"/home/rodrigo/projects/shopimax-apiv2/src/db/mongo.schema.ts": {"path":"/home/rodrigo/projects/shopimax-apiv2/src/db/mongo.schema.ts","statementMap":{"0":{"start":{"line":1,"column":0},"end":{"line":1,"column":51}},"1":{"start":{"line":3,"column":0},"end":{"line":3,"column":57}},"2":{"start":{"line":5,"column":0},"end":{"line":8,"column":3}},"3":{"start":{"line":6,"column":2},"end":{"line":6,"column":33}},"4":{"start":{"line":7,"column":2},"end":{"line":7,"column":34}},"5":{"start":{"line":10,"column":22},"end":{"line":19,"column":2}},"6":{"start":{"line":21,"column":20},"end":{"line":33,"column":2}},"7":{"start":{"line":35,"column":20},"end":{"line":68,"column":2}},"8":{"start":{"line":70,"column":26},"end":{"line":82,"column":2}},"9":{"start":{"line":84,"column":21},"end":{"line":84,"column":76}},"10":{"start":{"line":89,"column":9},"end":{"line":89,"column":21}},"11":{"start":{"line":85,"column":19},"end":{"line":85,"column":66}},"12":{"start":{"line":89,"column":23},"end":{"line":89,"column":33}},"13":{"start":{"line":86,"column":25},"end":{"line":86,"column":96}},"14":{"start":{"line":89,"column":35},"end":{"line":89,"column":51}},"15":{"start":{"line":87,"column":19},"end":{"line":87,"column":66}},"16":{"start":{"line":89,"column":53},"end":{"line":89,"column":63}}},"fnMap":{"0":{"name":"(anonymous_6)","decl":{"start":{"line":5,"column":16},"end":{"line":5,"column":17}},"loc":{"start":{"line":5,"column":27},"end":{"line":8,"column":1}}}},"branchMap":{},"s":{"0":0,"1":0,"2":0,"3":0,"4":0,"5":0,"6":0,"7":0,"8":0,"9":0,"10":0,"11":0,"12":0,"13":0,"14":0,"15":0,"16":0},"f":{"0":0},"b":{}}
,"/home/rodrigo/projects/shopimax-apiv2/src/db/interfaces/index.ts": {"path":"/home/rodrigo/projects/shopimax-apiv2/src/db/interfaces/index.ts","statementMap":{"0":{"start":{"line":1,"column":0},"end":{"line":1,"column":36}},"1":{"start":{"line":2,"column":0},"end":{"line":2,"column":34}},"2":{"start":{"line":3,"column":0},"end":{"line":3,"column":34}}},"fnMap":{},"branchMap":{},"s":{"0":0,"1":0,"2":0},"f":{},"b":{}}
,"/home/rodrigo/projects/shopimax-apiv2/src/domain/index.ts": {"path":"/home/rodrigo/projects/shopimax-apiv2/src/domain/index.ts","statementMap":{"0":{"start":{"line":1,"column":0},"end":{"line":1,"column":26}},"1":{"start":{"line":2,"column":0},"end":{"line":2,"column":24}},"2":{"start":{"line":3,"column":0},"end":{"line":3,"column":24}}},"fnMap":{},"branchMap":{},"s":{"0":0,"1":0,"2":0},"f":{},"b":{}}
,"/home/rodrigo/projects/shopimax-apiv2/src/domain/agent/agent.ts": {"path":"/home/rodrigo/projects/shopimax-apiv2/src/domain/agent/agent.ts","statementMap":{"0":{"start":{"line":2,"column":0},"end":{"line":2,"column":45}},"1":{"start":{"line":3,"column":0},"end":{"line":3,"column":51}},"2":{"start":{"line":45,"column":4},"end":{"line":45,"column":31}},"3":{"start":{"line":49,"column":22},"end":{"line":49,"column":42}},"4":{"start":{"line":50,"column":4},"end":{"line":53,"column":5}},"5":{"start":{"line":51,"column":26},"end":{"line":51,"column":80}},"6":{"start":{"line":51,"column":55},"end":{"line":51,"column":68}},"7":{"start":{"line":52,"column":6},"end":{"line":52,"column":30}},"8":{"start":{"line":54,"column":4},"end":{"line":54,"column":32}},"9":{"start":{"line":19,"column":0},"end":{"line":19,"column":13}}},"fnMap":{"0":{"name":"(anonymous_0)","decl":{"start":{"line":44,"column":2},"end":{"line":44,"column":14}},"loc":{"start":{"line":44,"column":32},"end":{"line":46,"column":3}}},"1":{"name":"(anonymous_1)","decl":{"start":{"line":48,"column":2},"end":{"line":48,"column":8}},"loc":{"start":{"line":48,"column":34},"end":{"line":55,"column":3}}},"2":{"name":"(anonymous_2)","decl":{"start":{"line":51,"column":44},"end":{"line":51,"column":45}},"loc":{"start":{"line":51,"column":55},"end":{"line":51,"column":68}}}},"branchMap":{"0":{"loc":{"start":{"line":50,"column":4},"end":{"line":53,"column":5}},"type":"if","locations":[{"start":{"line":50,"column":4},"end":{"line":53,"column":5}}]}},"s":{"0":0,"1":0,"2":0,"3":0,"4":0,"5":0,"6":0,"7":0,"8":0,"9":0},"f":{"0":0,"1":0,"2":0},"b":{"0":[0]}}
,"/home/rodrigo/projects/shopimax-apiv2/src/domain/agent/agent.validation.ts": {"path":"/home/rodrigo/projects/shopimax-apiv2/src/domain/agent/agent.validation.ts","statementMap":{"0":{"start":{"line":27,"column":9},"end":{"line":27,"column":22}},"1":{"start":{"line":1,"column":0},"end":{"line":1,"column":44}},"2":{"start":{"line":3,"column":0},"end":{"line":3,"column":48}},"3":{"start":{"line":5,"column":20},"end":{"line":21,"column":2}},"4":{"start":{"line":24,"column":2},"end":{"line":24,"column":60}}},"fnMap":{"0":{"name":"validateAgent","decl":{"start":{"line":23,"column":9},"end":{"line":23,"column":22}},"loc":{"start":{"line":23,"column":41},"end":{"line":25,"column":1}}}},"branchMap":{},"s":{"0":0,"1":0,"2":0,"3":0,"4":0},"f":{"0":0},"b":{}}
,"/home/rodrigo/projects/shopimax-apiv2/src/domain/agent/index.ts": {"path":"/home/rodrigo/projects/shopimax-apiv2/src/domain/agent/index.ts","statementMap":{"0":{"start":{"line":1,"column":0},"end":{"line":1,"column":24}},"1":{"start":{"line":2,"column":0},"end":{"line":2,"column":35}}},"fnMap":{},"branchMap":{},"s":{"0":0,"1":0},"f":{},"b":{}}
,"/home/rodrigo/projects/shopimax-apiv2/src/domain/order/index.ts": {"path":"/home/rodrigo/projects/shopimax-apiv2/src/domain/order/index.ts","statementMap":{"0":{"start":{"line":1,"column":0},"end":{"line":1,"column":24}},"1":{"start":{"line":2,"column":0},"end":{"line":2,"column":35}},"2":{"start":{"line":3,"column":0},"end":{"line":3,"column":30}}},"fnMap":{},"branchMap":{},"s":{"0":0,"1":0,"2":0},"f":{},"b":{}}
,"/home/rodrigo/projects/shopimax-apiv2/src/domain/order/order.ts": {"path":"/home/rodrigo/projects/shopimax-apiv2/src/domain/order/order.ts","statementMap":{"0":{"start":{"line":1,"column":0},"end":{"line":1,"column":45}},"1":{"start":{"line":2,"column":0},"end":{"line":2,"column":51}},"2":{"start":{"line":85,"column":4},"end":{"line":85,"column":31}},"3":{"start":{"line":89,"column":22},"end":{"line":89,"column":42}},"4":{"start":{"line":90,"column":4},"end":{"line":93,"column":5}},"5":{"start":{"line":91,"column":26},"end":{"line":91,"column":80}},"6":{"start":{"line":91,"column":55},"end":{"line":91,"column":68}},"7":{"start":{"line":92,"column":6},"end":{"line":92,"column":30}},"8":{"start":{"line":94,"column":4},"end":{"line":94,"column":32}},"9":{"start":{"line":39,"column":0},"end":{"line":39,"column":13}}},"fnMap":{"0":{"name":"(anonymous_0)","decl":{"start":{"line":84,"column":2},"end":{"line":84,"column":14}},"loc":{"start":{"line":84,"column":32},"end":{"line":86,"column":3}}},"1":{"name":"(anonymous_1)","decl":{"start":{"line":88,"column":2},"end":{"line":88,"column":8}},"loc":{"start":{"line":88,"column":34},"end":{"line":95,"column":3}}},"2":{"name":"(anonymous_2)","decl":{"start":{"line":91,"column":44},"end":{"line":91,"column":45}},"loc":{"start":{"line":91,"column":55},"end":{"line":91,"column":68}}}},"branchMap":{"0":{"loc":{"start":{"line":90,"column":4},"end":{"line":93,"column":5}},"type":"if","locations":[{"start":{"line":90,"column":4},"end":{"line":93,"column":5}}]}},"s":{"0":0,"1":0,"2":0,"3":0,"4":0,"5":0,"6":0,"7":0,"8":0,"9":0},"f":{"0":0,"1":0,"2":0},"b":{"0":[0]}}
,"/home/rodrigo/projects/shopimax-apiv2/src/domain/order/order.validation.ts": {"path":"/home/rodrigo/projects/shopimax-apiv2/src/domain/order/order.validation.ts","statementMap":{"0":{"start":{"line":118,"column":9},"end":{"line":118,"column":22}},"1":{"start":{"line":118,"column":24},"end":{"line":118,"column":43}},"2":{"start":{"line":1,"column":0},"end":{"line":1,"column":44}},"3":{"start":{"line":3,"column":0},"end":{"line":3,"column":64}},"4":{"start":{"line":32,"column":20},"end":{"line":61,"column":2}},"5":{"start":{"line":63,"column":30},"end":{"line":78,"column":2}},"6":{"start":{"line":80,"column":27},"end":{"line":108,"column":2}},"7":{"start":{"line":118,"column":45},"end":{"line":118,"column":63}},"8":{"start":{"line":111,"column":2},"end":{"line":111,"column":60}},"9":{"start":{"line":115,"column":2},"end":{"line":115,"column":70}}},"fnMap":{"0":{"name":"validateOrder","decl":{"start":{"line":110,"column":9},"end":{"line":110,"column":22}},"loc":{"start":{"line":110,"column":41},"end":{"line":112,"column":1}}},"1":{"name":"validateOrderDetail","decl":{"start":{"line":114,"column":9},"end":{"line":114,"column":28}},"loc":{"start":{"line":114,"column":53},"end":{"line":116,"column":1}}}},"branchMap":{},"s":{"0":0,"1":0,"2":0,"3":0,"4":0,"5":0,"6":0,"7":0,"8":0,"9":0},"f":{"0":0,"1":0},"b":{}}
,"/home/rodrigo/projects/shopimax-apiv2/src/domain/order/orderDetail.ts": {"path":"/home/rodrigo/projects/shopimax-apiv2/src/domain/order/orderDetail.ts","statementMap":{"0":{"start":{"line":1,"column":0},"end":{"line":1,"column":45}},"1":{"start":{"line":3,"column":0},"end":{"line":3,"column":57}},"2":{"start":{"line":37,"column":4},"end":{"line":37,"column":31}},"3":{"start":{"line":41,"column":22},"end":{"line":41,"column":48}},"4":{"start":{"line":42,"column":4},"end":{"line":45,"column":5}},"5":{"start":{"line":43,"column":32},"end":{"line":43,"column":86}},"6":{"start":{"line":43,"column":61},"end":{"line":43,"column":74}},"7":{"start":{"line":44,"column":6},"end":{"line":44,"column":36}},"8":{"start":{"line":46,"column":4},"end":{"line":46,"column":38}},"9":{"start":{"line":21,"column":0},"end":{"line":21,"column":13}}},"fnMap":{"0":{"name":"(anonymous_0)","decl":{"start":{"line":36,"column":2},"end":{"line":36,"column":14}},"loc":{"start":{"line":36,"column":38},"end":{"line":38,"column":3}}},"1":{"name":"(anonymous_1)","decl":{"start":{"line":40,"column":2},"end":{"line":40,"column":8}},"loc":{"start":{"line":40,"column":40},"end":{"line":47,"column":3}}},"2":{"name":"(anonymous_2)","decl":{"start":{"line":43,"column":50},"end":{"line":43,"column":51}},"loc":{"start":{"line":43,"column":61},"end":{"line":43,"column":74}}}},"branchMap":{"0":{"loc":{"start":{"line":42,"column":4},"end":{"line":45,"column":5}},"type":"if","locations":[{"start":{"line":42,"column":4},"end":{"line":45,"column":5}}]}},"s":{"0":0,"1":0,"2":0,"3":0,"4":0,"5":0,"6":0,"7":0,"8":0,"9":0},"f":{"0":0,"1":0,"2":0},"b":{"0":[0]}}
,"/home/rodrigo/projects/shopimax-apiv2/src/domain/product/index.ts": {"path":"/home/rodrigo/projects/shopimax-apiv2/src/domain/product/index.ts","statementMap":{"0":{"start":{"line":1,"column":0},"end":{"line":1,"column":26}},"1":{"start":{"line":2,"column":0},"end":{"line":2,"column":37}}},"fnMap":{},"branchMap":{},"s":{"0":0,"1":0},"f":{},"b":{}}
,"/home/rodrigo/projects/shopimax-apiv2/src/domain/product/product.ts": {"path":"/home/rodrigo/projects/shopimax-apiv2/src/domain/product/product.ts","statementMap":{"0":{"start":{"line":1,"column":0},"end":{"line":1,"column":45}},"1":{"start":{"line":3,"column":0},"end":{"line":3,"column":55}},"2":{"start":{"line":33,"column":4},"end":{"line":33,"column":31}},"3":{"start":{"line":37,"column":22},"end":{"line":37,"column":44}},"4":{"start":{"line":38,"column":4},"end":{"line":41,"column":5}},"5":{"start":{"line":39,"column":28},"end":{"line":39,"column":82}},"6":{"start":{"line":39,"column":57},"end":{"line":39,"column":70}},"7":{"start":{"line":40,"column":6},"end":{"line":40,"column":32}},"8":{"start":{"line":42,"column":4},"end":{"line":42,"column":34}},"9":{"start":{"line":13,"column":0},"end":{"line":13,"column":13}}},"fnMap":{"0":{"name":"(anonymous_0)","decl":{"start":{"line":32,"column":2},"end":{"line":32,"column":14}},"loc":{"start":{"line":32,"column":34},"end":{"line":34,"column":3}}},"1":{"name":"(anonymous_1)","decl":{"start":{"line":36,"column":2},"end":{"line":36,"column":8}},"loc":{"start":{"line":36,"column":36},"end":{"line":43,"column":3}}},"2":{"name":"(anonymous_2)","decl":{"start":{"line":39,"column":46},"end":{"line":39,"column":47}},"loc":{"start":{"line":39,"column":57},"end":{"line":39,"column":70}}}},"branchMap":{"0":{"loc":{"start":{"line":38,"column":4},"end":{"line":41,"column":5}},"type":"if","locations":[{"start":{"line":38,"column":4},"end":{"line":41,"column":5}}]}},"s":{"0":0,"1":0,"2":0,"3":0,"4":0,"5":0,"6":0,"7":0,"8":0,"9":0},"f":{"0":0,"1":0,"2":0},"b":{"0":[0]}}
,"/home/rodrigo/projects/shopimax-apiv2/src/domain/product/product.validation.ts": {"path":"/home/rodrigo/projects/shopimax-apiv2/src/domain/product/product.validation.ts","statementMap":{"0":{"start":{"line":23,"column":9},"end":{"line":23,"column":24}},"1":{"start":{"line":1,"column":0},"end":{"line":1,"column":22}},"2":{"start":{"line":3,"column":0},"end":{"line":3,"column":59}},"3":{"start":{"line":5,"column":22},"end":{"line":11,"column":2}},"4":{"start":{"line":13,"column":28},"end":{"line":17,"column":2}},"5":{"start":{"line":23,"column":26},"end":{"line":23,"column":45}},"6":{"start":{"line":20,"column":2},"end":{"line":20,"column":64}}},"fnMap":{"0":{"name":"validateProduct","decl":{"start":{"line":19,"column":9},"end":{"line":19,"column":24}},"loc":{"start":{"line":19,"column":47},"end":{"line":21,"column":1}}}},"branchMap":{},"s":{"0":0,"1":0,"2":0,"3":0,"4":0,"5":0,"6":0},"f":{"0":0},"b":{}}
,"/home/rodrigo/projects/shopimax-apiv2/src/helpers/getActiveNow.ts": {"path":"/home/rodrigo/projects/shopimax-apiv2/src/helpers/getActiveNow.ts","statementMap":{"0":{"start":{"line":18,"column":9},"end":{"line":18,"column":20}},"1":{"start":{"line":2,"column":14},"end":{"line":2,"column":24}},"2":{"start":{"line":3,"column":21},"end":{"line":3,"column":35}},"3":{"start":{"line":4,"column":24},"end":{"line":4,"column":40}},"4":{"start":{"line":7,"column":36},"end":{"line":7,"column":81}},"5":{"start":{"line":9,"column":36},"end":{"line":9,"column":79}},"6":{"start":{"line":11,"column":26},"end":{"line":11,"column":55}},"7":{"start":{"line":12,"column":25},"end":{"line":12,"column":54}},"8":{"start":{"line":13,"column":28},"end":{"line":13,"column":59}},"9":{"start":{"line":15,"column":2},"end":{"line":15,"column":113}}},"fnMap":{"0":{"name":"isActiveNow","decl":{"start":{"line":1,"column":9},"end":{"line":1,"column":20}},"loc":{"start":{"line":1,"column":47},"end":{"line":16,"column":1}}}},"branchMap":{"0":{"loc":{"start":{"line":15,"column":9},"end":{"line":15,"column":112}},"type":"binary-expr","locations":[{"start":{"line":15,"column":9},"end":{"line":15,"column":45}},{"start":{"line":15,"column":49},"end":{"line":15,"column":84}},{"start":{"line":15,"column":88},"end":{"line":15,"column":112}}]}},"s":{"0":0,"1":0,"2":0,"3":0,"4":0,"5":0,"6":0,"7":0,"8":0,"9":0},"f":{"0":0},"b":{"0":[0,0,0]}}
,"/home/rodrigo/projects/shopimax-apiv2/src/helpers/index.ts": {"path":"/home/rodrigo/projects/shopimax-apiv2/src/helpers/index.ts","statementMap":{"0":{"start":{"line":1,"column":0},"end":{"line":1,"column":38}},"1":{"start":{"line":2,"column":0},"end":{"line":2,"column":25}},"2":{"start":{"line":3,"column":0},"end":{"line":3,"column":28}},"3":{"start":{"line":4,"column":0},"end":{"line":4,"column":31}}},"fnMap":{},"branchMap":{},"s":{"0":0,"1":0,"2":0,"3":0},"f":{},"b":{}}
,"/home/rodrigo/projects/shopimax-apiv2/src/helpers/paginationAndFilter.ts": {"path":"/home/rodrigo/projects/shopimax-apiv2/src/helpers/paginationAndFilter.ts","statementMap":{"0":{"start":{"line":77,"column":9},"end":{"line":77,"column":35}},"1":{"start":{"line":77,"column":37},"end":{"line":77,"column":53}},"2":{"start":{"line":17,"column":37},"end":{"line":17,"column":39}},"3":{"start":{"line":19,"column":2},"end":{"line":30,"column":3}},"4":{"start":{"line":20,"column":4},"end":{"line":29,"column":7}},"5":{"start":{"line":21,"column":20},"end":{"line":21,"column":49}},"6":{"start":{"line":22,"column":6},"end":{"line":28,"column":7}},"7":{"start":{"line":23,"column":8},"end":{"line":27,"column":9}},"8":{"start":{"line":24,"column":10},"end":{"line":24,"column":56}},"9":{"start":{"line":26,"column":10},"end":{"line":26,"column":29}},"10":{"start":{"line":32,"column":23},"end":{"line":32,"column":56}},"11":{"start":{"line":33,"column":21},"end":{"line":33,"column":52}},"12":{"start":{"line":34,"column":15},"end":{"line":37,"column":17}},"13":{"start":{"line":39,"column":2},"end":{"line":45,"column":4}},"14":{"start":{"line":49,"column":37},"end":{"line":49,"column":39}},"15":{"start":{"line":51,"column":2},"end":{"line":71,"column":3}},"16":{"start":{"line":52,"column":48},"end":{"line":52,"column":50}},"17":{"start":{"line":54,"column":4},"end":{"line":67,"column":7}},"18":{"start":{"line":55,"column":20},"end":{"line":55,"column":49}},"19":{"start":{"line":56,"column":6},"end":{"line":66,"column":7}},"20":{"start":{"line":57,"column":8},"end":{"line":65,"column":9}},"21":{"start":{"line":58,"column":10},"end":{"line":61,"column":11}},"22":{"start":{"line":59,"column":12},"end":{"line":59,"column":30}},"23":{"start":{"line":60,"column":12},"end":{"line":60,"column":19}},"24":{"start":{"line":62,"column":10},"end":{"line":62,"column":73}},"25":{"start":{"line":64,"column":10},"end":{"line":64,"column":46}},"26":{"start":{"line":68,"column":4},"end":{"line":70,"column":5}},"27":{"start":{"line":69,"column":6},"end":{"line":69,"column":31}},"28":{"start":{"line":72,"column":2},"end":{"line":72,"column":46}},"29":{"start":{"line":73,"column":19},"end":{"line":73,"column":45}},"30":{"start":{"line":74,"column":2},"end":{"line":74,"column":18}}},"fnMap":{"0":{"name":"getPaginateAndFilteredData","decl":{"start":{"line":11,"column":15},"end":{"line":11,"column":41}},"loc":{"start":{"line":15,"column":19},"end":{"line":46,"column":1}}},"1":{"name":"(anonymous_1)","decl":{"start":{"line":20,"column":33},"end":{"line":20,"column":34}},"loc":{"start":{"line":20,"column":41},"end":{"line":29,"column":5}}},"2":{"name":"getDataByFilters","decl":{"start":{"line":48,"column":15},"end":{"line":48,"column":31}},"loc":{"start":{"line":48,"column":87},"end":{"line":75,"column":1}}},"3":{"name":"(anonymous_3)","decl":{"start":{"line":54,"column":33},"end":{"line":54,"column":34}},"loc":{"start":{"line":54,"column":41},"end":{"line":67,"column":5}}}},"branchMap":{"0":{"loc":{"start":{"line":12,"column":2},"end":{"line":12,"column":18}},"type":"default-arg","locations":[{"start":{"line":12,"column":17},"end":{"line":12,"column":18}}]},"1":{"loc":{"start":{"line":13,"column":2},"end":{"line":13,"column":20}},"type":"default-arg","locations":[{"start":{"line":13,"column":18},"end":{"line":13,"column":20}}]},"2":{"loc":{"start":{"line":19,"column":2},"end":{"line":30,"column":3}},"type":"if","locations":[{"start":{"line":19,"column":2},"end":{"line":30,"column":3}}]},"3":{"loc":{"start":{"line":22,"column":6},"end":{"line":28,"column":7}},"type":"if","locations":[{"start":{"line":22,"column":6},"end":{"line":28,"column":7}}]},"4":{"loc":{"start":{"line":22,"column":10},"end":{"line":22,"column":47}},"type":"binary-expr","locations":[{"start":{"line":22,"column":10},"end":{"line":22,"column":29}},{"start":{"line":22,"column":33},"end":{"line":22,"column":47}}]},"5":{"loc":{"start":{"line":23,"column":8},"end":{"line":27,"column":9}},"type":"if","locations":[{"start":{"line":23,"column":8},"end":{"line":27,"column":9}},{"start":{"line":25,"column":15},"end":{"line":27,"column":9}}]},"6":{"loc":{"start":{"line":51,"column":2},"end":{"line":71,"column":3}},"type":"if","locations":[{"start":{"line":51,"column":2},"end":{"line":71,"column":3}}]},"7":{"loc":{"start":{"line":56,"column":6},"end":{"line":66,"column":7}},"type":"if","locations":[{"start":{"line":56,"column":6},"end":{"line":66,"column":7}}]},"8":{"loc":{"start":{"line":56,"column":10},"end":{"line":56,"column":47}},"type":"binary-expr","locations":[{"start":{"line":56,"column":10},"end":{"line":56,"column":29}},{"start":{"line":56,"column":33},"end":{"line":56,"column":47}}]},"9":{"loc":{"start":{"line":57,"column":8},"end":{"line":65,"column":9}},"type":"if","locations":[{"start":{"line":57,"column":8},"end":{"line":65,"column":9}},{"start":{"line":63,"column":15},"end":{"line":65,"column":9}}]},"10":{"loc":{"start":{"line":58,"column":10},"end":{"line":61,"column":11}},"type":"if","locations":[{"start":{"line":58,"column":10},"end":{"line":61,"column":11}}]},"11":{"loc":{"start":{"line":68,"column":4},"end":{"line":70,"column":5}},"type":"if","locations":[{"start":{"line":68,"column":4},"end":{"line":70,"column":5}}]}},"s":{"0":0,"1":0,"2":0,"3":0,"4":0,"5":0,"6":0,"7":0,"8":0,"9":0,"10":0,"11":0,"12":0,"13":0,"14":0,"15":0,"16":0,"17":0,"18":0,"19":0,"20":0,"21":0,"22":0,"23":0,"24":0,"25":0,"26":0,"27":0,"28":0,"29":0,"30":0},"f":{"0":0,"1":0,"2":0,"3":0},"b":{"0":[0],"1":[0],"2":[0],"3":[0],"4":[0,0],"5":[0,0],"6":[0],"7":[0],"8":[0,0],"9":[0,0],"10":[0],"11":[0]}}
,"/home/rodrigo/projects/shopimax-apiv2/src/helpers/parseDate.ts": {"path":"/home/rodrigo/projects/shopimax-apiv2/src/helpers/parseDate.ts","statementMap":{"0":{"start":{"line":3,"column":0},"end":{"line":3,"column":16}},"1":{"start":{"line":1,"column":0},"end":{"line":1,"column":48}},"2":{"start":{"line":4,"column":19},"end":{"line":4,"column":41}},"3":{"start":{"line":5,"column":2},"end":{"line":5,"column":57}}},"fnMap":{"0":{"name":"parseDate","decl":{"start":{"line":3,"column":16},"end":{"line":3,"column":25}},"loc":{"start":{"line":3,"column":82},"end":{"line":6,"column":1}}}},"branchMap":{"0":{"loc":{"start":{"line":3,"column":47},"end":{"line":3,"column":82}},"type":"default-arg","locations":[{"start":{"line":3,"column":66},"end":{"line":3,"column":82}}]}},"s":{"0":0,"1":0,"2":0,"3":0},"f":{"0":0},"b":{"0":[0]}}
,"/home/rodrigo/projects/shopimax-apiv2/src/helpers/random.ts": {"path":"/home/rodrigo/projects/shopimax-apiv2/src/helpers/random.ts","statementMap":{"0":{"start":{"line":13,"column":9},"end":{"line":13,"column":32}},"1":{"start":{"line":13,"column":34},"end":{"line":13,"column":57}},"2":{"start":{"line":2,"column":2},"end":{"line":2,"column":49}},"3":{"start":{"line":6,"column":2},"end":{"line":8,"column":3}},"4":{"start":{"line":7,"column":4},"end":{"line":7,"column":21}},"5":{"start":{"line":9,"column":22},"end":{"line":9,"column":62}},"6":{"start":{"line":10,"column":2},"end":{"line":10,"column":28}}},"fnMap":{"0":{"name":"generateOrderNumberCode","decl":{"start":{"line":1,"column":9},"end":{"line":1,"column":32}},"loc":{"start":{"line":1,"column":52},"end":{"line":3,"column":1}}},"1":{"name":"getRandomValueFromArray","decl":{"start":{"line":5,"column":9},"end":{"line":5,"column":32}},"loc":{"start":{"line":5,"column":46},"end":{"line":11,"column":1}}}},"branchMap":{"0":{"loc":{"start":{"line":6,"column":2},"end":{"line":8,"column":3}},"type":"if","locations":[{"start":{"line":6,"column":2},"end":{"line":8,"column":3}}]}},"s":{"0":0,"1":0,"2":0,"3":0,"4":0,"5":0,"6":0},"f":{"0":0,"1":0},"b":{"0":[0]}}
,"/home/rodrigo/projects/shopimax-apiv2/src/mappers/agentMap.ts": {"path":"/home/rodrigo/projects/shopimax-apiv2/src/mappers/agentMap.ts","statementMap":{"0":{"start":{"line":9,"column":4},"end":{"line":22,"column":6}},"1":{"start":{"line":7,"column":0},"end":{"line":7,"column":13}}},"fnMap":{"0":{"name":"(anonymous_0)","decl":{"start":{"line":8,"column":2},"end":{"line":8,"column":8}},"loc":{"start":{"line":8,"column":46},"end":{"line":23,"column":3}}}},"branchMap":{"0":{"loc":{"start":{"line":12,"column":16},"end":{"line":12,"column":36}},"type":"binary-expr","locations":[{"start":{"line":12,"column":16},"end":{"line":12,"column":30}},{"start":{"line":12,"column":34},"end":{"line":12,"column":36}}]},"1":{"loc":{"start":{"line":15,"column":15},"end":{"line":15,"column":34}},"type":"binary-expr","locations":[{"start":{"line":15,"column":15},"end":{"line":15,"column":28}},{"start":{"line":15,"column":32},"end":{"line":15,"column":34}}]},"2":{"loc":{"start":{"line":16,"column":22},"end":{"line":16,"column":48}},"type":"binary-expr","locations":[{"start":{"line":16,"column":22},"end":{"line":16,"column":42}},{"start":{"line":16,"column":46},"end":{"line":16,"column":48}}]},"3":{"loc":{"start":{"line":17,"column":13},"end":{"line":17,"column":30}},"type":"binary-expr","locations":[{"start":{"line":17,"column":13},"end":{"line":17,"column":24}},{"start":{"line":17,"column":28},"end":{"line":17,"column":30}}]},"4":{"loc":{"start":{"line":18,"column":13},"end":{"line":18,"column":30}},"type":"binary-expr","locations":[{"start":{"line":18,"column":13},"end":{"line":18,"column":24}},{"start":{"line":18,"column":28},"end":{"line":18,"column":30}}]}},"s":{"0":0,"1":0},"f":{"0":0},"b":{"0":[0,0],"1":[0,0],"2":[0,0],"3":[0,0],"4":[0,0]}}
,"/home/rodrigo/projects/shopimax-apiv2/src/mappers/index.ts": {"path":"/home/rodrigo/projects/shopimax-apiv2/src/mappers/index.ts","statementMap":{"0":{"start":{"line":1,"column":0},"end":{"line":1,"column":29}},"1":{"start":{"line":2,"column":0},"end":{"line":2,"column":27}},"2":{"start":{"line":3,"column":0},"end":{"line":3,"column":27}}},"fnMap":{},"branchMap":{},"s":{"0":0,"1":0,"2":0},"f":{},"b":{}}
,"/home/rodrigo/projects/shopimax-apiv2/src/mappers/orderMap.ts": {"path":"/home/rodrigo/projects/shopimax-apiv2/src/mappers/orderMap.ts","statementMap":{"0":{"start":{"line":3,"column":0},"end":{"line":3,"column":49}},"1":{"start":{"line":55,"column":4},"end":{"line":89,"column":6}},"2":{"start":{"line":79,"column":55},"end":{"line":79,"column":66}},"3":{"start":{"line":93,"column":4},"end":{"line":136,"column":6}},"4":{"start":{"line":118,"column":8},"end":{"line":125,"column":10}},"5":{"start":{"line":53,"column":0},"end":{"line":53,"column":13}}},"fnMap":{"0":{"name":"(anonymous_0)","decl":{"start":{"line":54,"column":2},"end":{"line":54,"column":8}},"loc":{"start":{"line":54,"column":46},"end":{"line":90,"column":3}}},"1":{"name":"(anonymous_1)","decl":{"start":{"line":79,"column":43},"end":{"line":79,"column":44}},"loc":{"start":{"line":79,"column":55},"end":{"line":79,"column":66}}},"2":{"name":"(anonymous_2)","decl":{"start":{"line":92,"column":2},"end":{"line":92,"column":8}},"loc":{"start":{"line":92,"column":52},"end":{"line":137,"column":3}}},"3":{"name":"(anonymous_3)","decl":{"start":{"line":117,"column":43},"end":{"line":117,"column":44}},"loc":{"start":{"line":117,"column":106},"end":{"line":126,"column":7}}}},"branchMap":{"0":{"loc":{"start":{"line":60,"column":13},"end":{"line":60,"column":44}},"type":"binary-expr","locations":[{"start":{"line":60,"column":13},"end":{"line":60,"column":38}},{"start":{"line":60,"column":42},"end":{"line":60,"column":44}}]},"1":{"loc":{"start":{"line":79,"column":19},"end":{"line":79,"column":73}},"type":"binary-expr","locations":[{"start":{"line":79,"column":19},"end":{"line":79,"column":67}},{"start":{"line":79,"column":71},"end":{"line":79,"column":73}}]},"2":{"loc":{"start":{"line":80,"column":20},"end":{"line":80,"column":44}},"type":"binary-expr","locations":[{"start":{"line":80,"column":20},"end":{"line":80,"column":38}},{"start":{"line":80,"column":42},"end":{"line":80,"column":44}}]},"3":{"loc":{"start":{"line":81,"column":21},"end":{"line":81,"column":46}},"type":"binary-expr","locations":[{"start":{"line":81,"column":21},"end":{"line":81,"column":40}},{"start":{"line":81,"column":44},"end":{"line":81,"column":46}}]},"4":{"loc":{"start":{"line":82,"column":19},"end":{"line":82,"column":42}},"type":"binary-expr","locations":[{"start":{"line":82,"column":19},"end":{"line":82,"column":36}},{"start":{"line":82,"column":40},"end":{"line":82,"column":42}}]},"5":{"loc":{"start":{"line":83,"column":23},"end":{"line":83,"column":50}},"type":"binary-expr","locations":[{"start":{"line":83,"column":23},"end":{"line":83,"column":44}},{"start":{"line":83,"column":48},"end":{"line":83,"column":50}}]},"6":{"loc":{"start":{"line":84,"column":22},"end":{"line":84,"column":48}},"type":"binary-expr","locations":[{"start":{"line":84,"column":22},"end":{"line":84,"column":42}},{"start":{"line":84,"column":46},"end":{"line":84,"column":48}}]},"7":{"loc":{"start":{"line":86,"column":15},"end":{"line":86,"column":34}},"type":"binary-expr","locations":[{"start":{"line":86,"column":15},"end":{"line":86,"column":28}},{"start":{"line":86,"column":32},"end":{"line":86,"column":34}}]},"8":{"loc":{"start":{"line":98,"column":13},"end":{"line":98,"column":44}},"type":"binary-expr","locations":[{"start":{"line":98,"column":13},"end":{"line":98,"column":38}},{"start":{"line":98,"column":42},"end":{"line":98,"column":44}}]},"9":{"loc":{"start":{"line":100,"column":14},"end":{"line":100,"column":37}},"type":"binary-expr","locations":[{"start":{"line":100,"column":14},"end":{"line":100,"column":31}},{"start":{"line":100,"column":35},"end":{"line":100,"column":37}}]},"10":{"loc":{"start":{"line":101,"column":18},"end":{"line":101,"column":45}},"type":"binary-expr","locations":[{"start":{"line":101,"column":18},"end":{"line":101,"column":39}},{"start":{"line":101,"column":43},"end":{"line":101,"column":45}}]},"11":{"loc":{"start":{"line":102,"column":24},"end":{"line":102,"column":57}},"type":"binary-expr","locations":[{"start":{"line":102,"column":24},"end":{"line":102,"column":51}},{"start":{"line":102,"column":55},"end":{"line":102,"column":57}}]},"12":{"loc":{"start":{"line":103,"column":15},"end":{"line":103,"column":39}},"type":"binary-expr","locations":[{"start":{"line":103,"column":15},"end":{"line":103,"column":33}},{"start":{"line":103,"column":37},"end":{"line":103,"column":39}}]},"13":{"loc":{"start":{"line":104,"column":17},"end":{"line":104,"column":43}},"type":"binary-expr","locations":[{"start":{"line":104,"column":17},"end":{"line":104,"column":37}},{"start":{"line":104,"column":41},"end":{"line":104,"column":43}}]},"14":{"loc":{"start":{"line":105,"column":20},"end":{"line":105,"column":49}},"type":"binary-expr","locations":[{"start":{"line":105,"column":20},"end":{"line":105,"column":43}},{"start":{"line":105,"column":47},"end":{"line":105,"column":49}}]},"15":{"loc":{"start":{"line":106,"column":18},"end":{"line":106,"column":45}},"type":"binary-expr","locations":[{"start":{"line":106,"column":18},"end":{"line":106,"column":39}},{"start":{"line":106,"column":43},"end":{"line":106,"column":45}}]},"16":{"loc":{"start":{"line":107,"column":17},"end":{"line":107,"column":43}},"type":"binary-expr","locations":[{"start":{"line":107,"column":17},"end":{"line":107,"column":37}},{"start":{"line":107,"column":41},"end":{"line":107,"column":43}}]},"17":{"loc":{"start":{"line":108,"column":19},"end":{"line":108,"column":47}},"type":"binary-expr","locations":[{"start":{"line":108,"column":19},"end":{"line":108,"column":41}},{"start":{"line":108,"column":45},"end":{"line":108,"column":47}}]},"18":{"loc":{"start":{"line":109,"column":15},"end":{"line":109,"column":39}},"type":"binary-expr","locations":[{"start":{"line":109,"column":15},"end":{"line":109,"column":33}},{"start":{"line":109,"column":37},"end":{"line":109,"column":39}}]},"19":{"loc":{"start":{"line":120,"column":23},"end":{"line":120,"column":79}},"type":"binary-expr","locations":[{"start":{"line":120,"column":23},"end":{"line":120,"column":43}},{"start":{"line":120,"column":47},"end":{"line":120,"column":73}},{"start":{"line":120,"column":77},"end":{"line":120,"column":79}}]},"20":{"loc":{"start":{"line":121,"column":24},"end":{"line":121,"column":81}},"type":"binary-expr","locations":[{"start":{"line":121,"column":24},"end":{"line":121,"column":45}},{"start":{"line":121,"column":49},"end":{"line":121,"column":76}},{"start":{"line":121,"column":80},"end":{"line":121,"column":81}}]},"21":{"loc":{"start":{"line":122,"column":29},"end":{"line":122,"column":113}},"type":"binary-expr","locations":[{"start":{"line":122,"column":29},"end":{"line":122,"column":62}},{"start":{"line":122,"column":66},"end":{"line":122,"column":105}},{"start":{"line":122,"column":109},"end":{"line":122,"column":113}}]},"22":{"loc":{"start":{"line":123,"column":15},"end":{"line":123,"column":71}},"type":"binary-expr","locations":[{"start":{"line":123,"column":15},"end":{"line":123,"column":34}},{"start":{"line":123,"column":38},"end":{"line":123,"column":63}},{"start":{"line":123,"column":67},"end":{"line":123,"column":71}}]},"23":{"loc":{"start":{"line":127,"column":20},"end":{"line":127,"column":44}},"type":"binary-expr","locations":[{"start":{"line":127,"column":20},"end":{"line":127,"column":38}},{"start":{"line":127,"column":42},"end":{"line":127,"column":44}}]},"24":{"loc":{"start":{"line":128,"column":21},"end":{"line":128,"column":46}},"type":"binary-expr","locations":[{"start":{"line":128,"column":21},"end":{"line":128,"column":40}},{"start":{"line":128,"column":44},"end":{"line":128,"column":46}}]},"25":{"loc":{"start":{"line":129,"column":19},"end":{"line":129,"column":42}},"type":"binary-expr","locations":[{"start":{"line":129,"column":19},"end":{"line":129,"column":36}},{"start":{"line":129,"column":40},"end":{"line":129,"column":42}}]},"26":{"loc":{"start":{"line":130,"column":23},"end":{"line":130,"column":50}},"type":"binary-expr","locations":[{"start":{"line":130,"column":23},"end":{"line":130,"column":44}},{"start":{"line":130,"column":48},"end":{"line":130,"column":50}}]},"27":{"loc":{"start":{"line":131,"column":22},"end":{"line":131,"column":48}},"type":"binary-expr","locations":[{"start":{"line":131,"column":22},"end":{"line":131,"column":42}},{"start":{"line":131,"column":46},"end":{"line":131,"column":48}}]},"28":{"loc":{"start":{"line":133,"column":15},"end":{"line":133,"column":34}},"type":"binary-expr","locations":[{"start":{"line":133,"column":15},"end":{"line":133,"column":28}},{"start":{"line":133,"column":32},"end":{"line":133,"column":34}}]}},"s":{"0":0,"1":0,"2":0,"3":0,"4":0,"5":0},"f":{"0":0,"1":0,"2":0,"3":0},"b":{"0":[0,0],"1":[0,0],"2":[0,0],"3":[0,0],"4":[0,0],"5":[0,0],"6":[0,0],"7":[0,0],"8":[0,0],"9":[0,0],"10":[0,0],"11":[0,0],"12":[0,0],"13":[0,0],"14":[0,0],"15":[0,0],"16":[0,0],"17":[0,0],"18":[0,0],"19":[0,0,0],"20":[0,0,0],"21":[0,0,0],"22":[0,0,0],"23":[0,0],"24":[0,0],"25":[0,0],"26":[0,0],"27":[0,0],"28":[0,0]}}
,"/home/rodrigo/projects/shopimax-apiv2/src/mappers/productMap.ts": {"path":"/home/rodrigo/projects/shopimax-apiv2/src/mappers/productMap.ts","statementMap":{"0":{"start":{"line":9,"column":4},"end":{"line":19,"column":6}},"1":{"start":{"line":7,"column":0},"end":{"line":7,"column":13}}},"fnMap":{"0":{"name":"(anonymous_0)","decl":{"start":{"line":8,"column":2},"end":{"line":8,"column":8}},"loc":{"start":{"line":8,"column":52},"end":{"line":20,"column":3}}}},"branchMap":{},"s":{"0":0,"1":0},"f":{"0":0},"b":{}}
,"/home/rodrigo/projects/shopimax-apiv2/src/repositories/index.ts": {"path":"/home/rodrigo/projects/shopimax-apiv2/src/repositories/index.ts","statementMap":{"0":{"start":{"line":1,"column":0},"end":{"line":1,"column":65}},"1":{"start":{"line":2,"column":0},"end":{"line":2,"column":69}},"2":{"start":{"line":5,"column":0},"end":{"line":5,"column":65}},"3":{"start":{"line":8,"column":26},"end":{"line":8,"column":53}},"4":{"start":{"line":12,"column":9},"end":{"line":12,"column":26}},"5":{"start":{"line":9,"column":24},"end":{"line":9,"column":49}},"6":{"start":{"line":12,"column":48},"end":{"line":12,"column":63}},"7":{"start":{"line":10,"column":24},"end":{"line":10,"column":49}},"8":{"start":{"line":12,"column":83},"end":{"line":12,"column":98}}},"fnMap":{},"branchMap":{},"s":{"0":0,"1":0,"2":0,"3":0,"4":0,"5":0,"6":0,"7":0,"8":0},"f":{},"b":{}}
,"/home/rodrigo/projects/shopimax-apiv2/src/repositories/impl/agentImplRepository.ts": {"path":"/home/rodrigo/projects/shopimax-apiv2/src/repositories/impl/agentImplRepository.ts","statementMap":{"0":{"start":{"line":1,"column":0},"end":{"line":1,"column":51}},"1":{"start":{"line":4,"column":0},"end":{"line":4,"column":41}},"2":{"start":{"line":10,"column":4},"end":{"line":10,"column":33}},"3":{"start":{"line":14,"column":4},"end":{"line":20,"column":5}},"4":{"start":{"line":15,"column":21},"end":{"line":15,"column":49}},"5":{"start":{"line":16,"column":21},"end":{"line":16,"column":74}},"6":{"start":{"line":16,"column":43},"end":{"line":16,"column":73}},"7":{"start":{"line":17,"column":6},"end":{"line":17,"column":20}},"8":{"start":{"line":19,"column":6},"end":{"line":19,"column":18}},"9":{"start":{"line":6,"column":0},"end":{"line":6,"column":13}}},"fnMap":{"0":{"name":"(anonymous_0)","decl":{"start":{"line":9,"column":2},"end":{"line":9,"column":null}},"loc":{"start":{"line":9,"column":2},"end":{"line":11,"column":3}}},"1":{"name":"(anonymous_1)","decl":{"start":{"line":13,"column":2},"end":{"line":13,"column":7}},"loc":{"start":{"line":13,"column":17},"end":{"line":21,"column":3}}},"2":{"name":"(anonymous_2)","decl":{"start":{"line":16,"column":32},"end":{"line":16,"column":33}},"loc":{"start":{"line":16,"column":43},"end":{"line":16,"column":73}}}},"branchMap":{},"s":{"0":0,"1":0,"2":0,"3":0,"4":0,"5":0,"6":0,"7":0,"8":0,"9":0},"f":{"0":0,"1":0,"2":0},"b":{}}
,"/home/rodrigo/projects/shopimax-apiv2/src/repositories/impl/orderImplRepository.ts": {"path":"/home/rodrigo/projects/shopimax-apiv2/src/repositories/impl/orderImplRepository.ts","statementMap":{"0":{"start":{"line":7,"column":0},"end":{"line":7,"column":95}},"1":{"start":{"line":8,"column":0},"end":{"line":8,"column":60}},"2":{"start":{"line":9,"column":0},"end":{"line":9,"column":84}},"3":{"start":{"line":12,"column":0},"end":{"line":12,"column":69}},"4":{"start":{"line":26,"column":4},"end":{"line":26,"column":33}},"5":{"start":{"line":27,"column":4},"end":{"line":27,"column":45}},"6":{"start":{"line":28,"column":4},"end":{"line":28,"column":33}},"7":{"start":{"line":29,"column":4},"end":{"line":29,"column":37}},"8":{"start":{"line":33,"column":4},"end":{"line":44,"column":5}},"9":{"start":{"line":34,"column":20},"end":{"line":37,"column":8}},"10":{"start":{"line":38,"column":6},"end":{"line":40,"column":7}},"11":{"start":{"line":39,"column":8},"end":{"line":39,"column":20}},"12":{"start":{"line":41,"column":6},"end":{"line":41,"column":80}},"13":{"start":{"line":43,"column":6},"end":{"line":43,"column":18}},"14":{"start":{"line":48,"column":4},"end":{"line":55,"column":5}},"15":{"start":{"line":49,"column":24},"end":{"line":51,"column":8}},"16":{"start":{"line":52,"column":6},"end":{"line":52,"column":38}},"17":{"start":{"line":54,"column":6},"end":{"line":54,"column":18}},"18":{"start":{"line":59,"column":20},"end":{"line":59,"column":56}},"19":{"start":{"line":60,"column":4},"end":{"line":130,"column":5}},"20":{"start":{"line":61,"column":95},"end":{"line":61,"column":100}},"21":{"start":{"line":62,"column":6},"end":{"line":123,"column":9}},"22":{"start":{"line":63,"column":32},"end":{"line":63,"column":112}},"23":{"start":{"line":64,"column":35},"end":{"line":64,"column":92}},"24":{"start":{"line":64,"column":69},"end":{"line":64,"column":91}},"25":{"start":{"line":66,"column":8},"end":{"line":70,"column":9}},"26":{"start":{"line":67,"column":10},"end":{"line":67,"column":107}},"27":{"start":{"line":68,"column":37},"end":{"line":68,"column
[...]
,"/home/rodrigo/projects/shopimax-apiv2/src/services/agent.service.ts": {"path":"/home/rodrigo/projects/shopimax-apiv2/src/services/agent.service.ts","statementMap":{"0":{"start":{"line":1,"column":0},"end":{"line":1,"column":33}},"1":{"start":{"line":2,"column":0},"end":{"line":2,"column":49}},"2":{"start":{"line":10,"column":4},"end":{"line":10,"column":27}},"3":{"start":{"line":11,"column":4},"end":{"line":11,"column":44}},"4":{"start":{"line":12,"column":4},"end":{"line":12,"column":18}},"5":{"start":{"line":16,"column":4},"end":{"line":16,"column":64}},"6":{"start":{"line":20,"column":0},"end":{"line":20,"column":40}}},"fnMap":{"0":{"name":"(anonymous_0)","decl":{"start":{"line":9,"column":2},"end":{"line":9,"column":null}},"loc":{"start":{"line":9,"column":2},"end":{"line":13,"column":3}}},"1":{"name":"(anonymous_1)","decl":{"start":{"line":15,"column":2},"end":{"line":15,"column":8}},"loc":{"start":{"line":15,"column":8},"end":{"line":17,"column":3}}}},"branchMap":{},"s":{"0":0,"1":0,"2":0,"3":0,"4":0,"5":0,"6":0},"f":{"0":0,"1":0},"b":{}}
,"/home/rodrigo/projects/shopimax-apiv2/src/services/order.service.ts": {"path":"/home/rodrigo/projects/shopimax-apiv2/src/services/order.service.ts","statementMap":{"0":{"start":{"line":1,"column":0},"end":{"line":1,"column":33}},"1":{"start":{"line":2,"column":0},"end":{"line":2,"column":66}},"2":{"start":{"line":10,"column":4},"end":{"line":10,"column":27}},"3":{"start":{"line":11,"column":4},"end":{"line":11,"column":44}},"4":{"start":{"line":12,"column":4},"end":{"line":12,"column":18}},"5":{"start":{"line":16,"column":4},"end":{"line":16,"column":84}},"6":{"start":{"line":17,"column":4},"end":{"line":17,"column":61}},"7":{"start":{"line":21,"column":0},"end":{"line":21,"column":40}}},"fnMap":{"0":{"name":"(anonymous_0)","decl":{"start":{"line":9,"column":2},"end":{"line":9,"column":null}},"loc":{"start":{"line":9,"column":2},"end":{"line":13,"column":3}}},"1":{"name":"(anonymous_1)","decl":{"start":{"line":15,"column":2},"end":{"line":15,"column":8}},"loc":{"start":{"line":15,"column":8},"end":{"line":18,"column":3}}}},"branchMap":{},"s":{"0":0,"1":0,"2":0,"3":0,"4":0,"5":0,"6":0,"7":0},"f":{"0":0,"1":0},"b":{}}
,"/home/rodrigo/projects/shopimax-apiv2/src/services/product.service.ts": {"path":"/home/rodrigo/projects/shopimax-apiv2/src/services/product.service.ts","statementMap":{"0":{"start":{"line":1,"column":0},"end":{"line":1,"column":33}},"1":{"start":{"line":2,"column":0},"end":{"line":2,"column":51}},"2":{"start":{"line":10,"column":4},"end":{"line":10,"column":27}},"3":{"start":{"line":11,"column":4},"end":{"line":11,"column":46}},"4":{"start":{"line":12,"column":4},"end":{"line":12,"column":18}},"5":{"start":{"line":16,"column":4},"end":{"line":16,"column":104}},"6":{"start":{"line":17,"column":4},"end":{"line":17,"column":65}},"7":{"start":{"line":21,"column":0},"end":{"line":21,"column":42}}},"fnMap":{"0":{"name":"(anonymous_0)","decl":{"start":{"line":9,"column":2},"end":{"line":9,"column":null}},"loc":{"start":{"line":9,"column":2},"end":{"line":13,"column":3}}},"1":{"name":"(anonymous_1)","decl":{"start":{"line":15,"column":2},"end":{"line":15,"column":8}},"loc":{"start":{"line":15,"column":8},"end":{"line":18,"column":3}}}},"branchMap":{},"s":{"0":0,"1":0,"2":0,"3":0,"4":0,"5":0,"6":0,"7":0},"f":{"0":0,"1":0},"b":{}}
,"/home/rodrigo/projects/shopimax-apiv2/src/test/example.ts": {"path":"/home/rodrigo/projects/shopimax-apiv2/src/test/example.ts","statementMap":{"0":{"start":{"line":1,"column":0},"end":{"line":1,"column":16}},"1":{"start":{"line":2,"column":4},"end":{"line":4,"column":5}},"2":{"start":{"line":3,"column":8},"end":{"line":3,"column":69}},"3":{"start":{"line":5,"column":4},"end":{"line":5,"column":17}}},"fnMap":{"0":{"name":"sumNumbers","decl":{"start":{"line":1,"column":16},"end":{"line":1,"column":26}},"loc":{"start":{"line":1,"column":47},"end":{"line":6,"column":1}}}},"branchMap":{"0":{"loc":{"start":{"line":2,"column":4},"end":{"line":4,"column":5}},"type":"if","locations":[{"start":{"line":2,"column":4},"end":{"line":4,"column":5}}]},"1":{"loc":{"start":{"line":2,"column":7},"end":{"line":2,"column":21}},"type":"binary-expr","locations":[{"start":{"line":2,"column":7},"end":{"line":2,"column":12}},{"start":{"line":2,"column":16},"end":{"line":2,"column":21}}]}},"s":{"0":1,"1":1,"2":0,"3":1},"f":{"0":1},"b":{"0":[0],"1":[1,1]}}
,"/home/rodrigo/projects/shopimax-apiv2/src/types/index.ts": {"path":"/home/rodrigo/projects/shopimax-apiv2/src/types/index.ts","statementMap":{"0":{"start":{"line":1,"column":0},"end":{"line":1,"column":32}},"1":{"start":{"line":2,"column":0},"end":{"line":2,"column":29}},"2":{"start":{"line":3,"column":0},"end":{"line":3,"column":26}},"3":{"start":{"line":4,"column":0},"end":{"line":4,"column":26}},"4":{"start":{"line":5,"column":0},"end":{"line":5,"column":29}}},"fnMap":{},"branchMap":{},"s":{"0":0,"1":0,"2":0,"3":0,"4":0},"f":{},"b":{}}
,"/home/rodrigo/projects/shopimax-apiv2/src/types/origins.ts": {"path":"/home/rodrigo/projects/shopimax-apiv2/src/types/origins.ts","statementMap":{"0":{"start":{"line":1,"column":0},"end":{"line":1,"column":null}},"1":{"start":{"line":2,"column":2},"end":{"line":2,"column":null}},"2":{"start":{"line":3,"column":2},"end":{"line":3,"column":null}},"3":{"start":{"line":4,"column":2},"end":{"line":4,"column":null}},"4":{"start":{"line":7,"column":0},"end":{"line":7,"column":null}},"5":{"start":{"line":8,"column":2},"end":{"line":8,"column":null}},"6":{"start":{"line":9,"column":2},"end":{"line":9,"column":null}},"7":{"start":{"line":10,"column":2},"end":{"line":10,"column":null}},"8":{"start":{"line":11,"column":2},"end":{"line":11,"column":null}},"9":{"start":{"line":12,"column":2},"end":{"line":12,"column":null}},"10":{"start":{"line":15,"column":0},"end":{"line":15,"column":null}},"11":{"start":{"line":16,"column":2},"end":{"line":16,"column":null}},"12":{"start":{"line":17,"column":2},"end":{"line":17,"column":null}}},"fnMap":{"0":{"name":"(anonymous_0)","decl":{"start":{"line":1,"column":0},"end":{"line":1,"column":12}},"loc":{"start":{"line":1,"column":22},"end":{"line":5,"column":1}}},"1":{"name":"(anonymous_1)","decl":{"start":{"line":7,"column":0},"end":{"line":7,"column":12}},"loc":{"start":{"line":7,"column":22},"end":{"line":13,"column":1}}},"2":{"name":"(anonymous_2)","decl":{"start":{"line":15,"column":0},"end":{"line":15,"column":12}},"loc":{"start":{"line":15,"column":17},"end":{"line":18,"column":1}}}},"branchMap":{"0":{"loc":{"start":{"line":1,"column":12},"end":{"line":1,"column":null}},"type":"binary-expr","locations":[{"start":{"line":1,"column":12},"end":{"line":1,"column":22}},{"start":{"line":1,"column":22},"end":{"line":1,"column":null}}]},"1":{"loc":{"start":{"line":7,"column":12},"end":{"line":7,"column":null}},"type":"binary-expr","locations":[{"start":{"line":7,"column":12},"end":{"line":7,"column":22}},{"start":{"line":7,"column":22},"end":{"line":7,"column":null}}]},"2":{"loc":{"start":{"line":15,"column":12},"end":{"line":15,"column":null}},"type":"binary-expr","locations":[{"start":{"line":15,"column":12},"end":{"line":15,"column":17}},{"start":{"line":15,"column":17},"end":{"line":15,"column":null}}]}},"s":{"0":0,"1":0,"2":0,"3":0,"4":0,"5":0,"6":0,"7":0,"8":0,"9":0,"10":0,"11":0,"12":0},"f":{"0":0,"1":0,"2":0},"b":{"0":[0,0],"1":[0,0],"2":[0,0]}}
,"/home/rodrigo/projects/shopimax-apiv2/src/types/statusCode.ts": {"path":"/home/rodrigo/projects/shopimax-apiv2/src/types/statusCode.ts","statementMap":{"0":{"start":{"line":1,"column":0},"end":{"line":1,"column":null}},"1":{"start":{"line":2,"column":2},"end":{"line":2,"column":null}},"2":{"start":{"line":3,"column":2},"end":{"line":3,"column":null}},"3":{"start":{"line":4,"column":2},"end":{"line":4,"column":null}},"4":{"start":{"line":5,"column":2},"end":{"line":5,"column":null}},"5":{"start":{"line":6,"column":2},"end":{"line":6,"column":null}},"6":{"start":{"line":7,"column":2},"end":{"line":7,"column":null}},"7":{"start":{"line":8,"column":2},"end":{"line":8,"column":null}},"8":{"start":{"line":9,"column":2},"end":{"line":9,"column":null}},"9":{"start":{"line":10,"column":2},"end":{"line":10,"column":null}},"10":{"start":{"line":11,"column":2},"end":{"line":11,"column":null}},"11":{"start":{"line":12,"column":2},"end":{"line":12,"column":null}},"12":{"start":{"line":13,"column":2},"end":{"line":13,"column":null}},"13":{"start":{"line":14,"column":2},"end":{"line":14,"column":null}},"14":{"start":{"line":15,"column":2},"end":{"line":15,"column":null}},"15":{"start":{"line":16,"column":2},"end":{"line":16,"column":null}},"16":{"start":{"line":17,"column":2},"end":{"line":17,"column":null}},"17":{"start":{"line":18,"column":2},"end":{"line":18,"column":null}},"18":{"start":{"line":19,"column":2},"end":{"line":19,"column":null}},"19":{"start":{"line":20,"column":2},"end":{"line":20,"column":null}},"20":{"start":{"line":21,"column":2},"end":{"line":21,"column":null}},"21":{"start":{"line":22,"column":2},"end":{"line":22,"column":null}},"22":{"start":{"line":23,"column":2},"end":{"line":23,"column":null}},"23":{"start":{"line":24,"column":2},"end":{"line":24,"column":null}},"24":{"start":{"line":25,"column":2},"end":{"line":25,"column":null}},"25":{"start":{"line":26,"column":2},"end":{"line":26,"column":null}},"26":{"start":{"line":27,"column":2},"end":{"line":27,"column":null}},"27":{"start":{"line":28,"column":2},"end":{"line":28,"column":null}},"28":{"start":{"line":29,"column":2},"end":{"line":29,"column":null}},"29":{"start":{"line":30,"column":2},"end":{"line":30,"column":null}},"30":{"start":{"line":31,"column":2},"end":{"line":31,"column":null}},"31":{"start":{"line":32,"column":2},"end":{"line":32,"column":null}},"32":{"start":{"line":33,"column":2},"end":{"line":33,"column":null}},"33":{"start":{"line":34,"column":2},"end":{"line":34,"column":null}},"34":{"start":{"line":35,"column":2},"end":{"line":35,"column":null}},"35":{"start":{"line":36,"column":2},"end":{"line":36,"column":null}},"36":{"start":{"line":37,"column":2},"end":{"line":37,"column":null}},"37":{"start":{"line":38,"column":2},"end":{"line":38,"column":null}},"38":{"start":{"line":39,"column":2},"end":{"line":39,"column":null}},"39":{"start":{"line":40,"column":2},"end":{"line":40,"column":null}},"40":{"start":{"line":41,"column":2},"end":{"line":41,"column":null}},"41":{"start":{"line":42,"column":2},"end":{"line":42,"column":null}},"42":{"start":{"line":43,"column":2},"end":{"line":43,"column":null}},"43":{"start":{"line":44,"column":2},"end":{"line":44,"column":null}},"44":{"start":{"line":45,"column":2},"end":{"line":45,"column":null}},"45":{"start":{"line":46,"column":2},"end":{"line":46,"column":null}},"46":{"start":{"line":47,"column":2},"end":{"line":47,"column":null}},"47":{"start":{"line":48,"column":2},"end":{"line":48,"column":null}},"48":{"start":{"line":49,"column":2},"end":{"line":49,"column":null}}},"fnMap":{"0":{"name":"(anonymous_0)","decl":{"start":{"line":1,"column":0},"end":{"line":1,"column":12}},"loc":{"start":{"line":1,"column":22},"end":{"line":50,"column":1}}}},"branchMap":{"0":{"loc":{"start":{"line":1,"column":12},"end":{"line":1,"column":null}},"type":"binary-expr","locations":[{"start":{"line":1,"column":12},"end":{"line":1,"column":22}},{"start":{"line":1,"column":22},"end":{"line":1,"column":null}}]}},"s":{"0":0,"1":0,"2":0,"3":0,"4":0,"5":0,"6":0,"7":0,"8":0,"9":0,"10":0,"11":0,"12":0,"13":0,"14":0,"15":0,"16":0,"17":0,"18":0,"19":0,"20":0,"21":0,"22":0,"23":0,"24":0,"25":0,"26":0,"27":0,"28":0,"29":0,"30":0,"31":0,"32":0,"33":0,"34":0,"35":0,"36":0,"37":0,"38":0,"39":0,"40":0,"41":0,"42":0,"43":0,"44":0,"45":0,"46":0,"47":0,"48":0},"f":{"0":0},"b":{"0":[0,0]}}
,"/home/rodrigo/projects/shopimax-apiv2/src/types/validation.ts": {"path":"/home/rodrigo/projects/shopimax-apiv2/src/types/validation.ts","statementMap":{"0":{"start":{"line":1,"column":0},"end":{"line":1,"column":22}},"1":{"start":{"line":2,"column":0},"end":{"line":2,"column":51}},"2":{"start":{"line":4,"column":13},"end":{"line":4,"column":51}},"3":{"start":{"line":5,"column":13},"end":{"line":17,"column":2}}},"fnMap":{},"branchMap":{},"s":{"0":0,"1":0,"2":0,"3":0},"f":{},"b":{}}
,"/home/rodrigo/projects/shopimax-apiv2/src/utils/bcrypt.ts": {"path":"/home/rodrigo/projects/shopimax-apiv2/src/utils/bcrypt.ts","statementMap":{"0":{"start":{"line":12,"column":9},"end":{"line":12,"column":16}},"1":{"start":{"line":12,"column":18},"end":{"line":12,"column":25}},"2":{"start":{"line":1,"column":0},"end":{"line":1,"column":30}},"3":{"start":{"line":4,"column":15},"end":{"line":4,"column":47}},"4":{"start":{"line":5,"column":2},"end":{"line":5,"column":14}},"5":{"start":{"line":9,"column":2},"end":{"line":9,"column":55}}},"fnMap":{"0":{"name":"encrypt","decl":{"start":{"line":3,"column":15},"end":{"line":3,"column":22}},"loc":{"start":{"line":3,"column":40},"end":{"line":6,"column":1}}},"1":{"name":"compare","decl":{"start":{"line":8,"column":15},"end":{"line":8,"column":22}},"loc":{"start":{"line":8,"column":68},"end":{"line":10,"column":1}}}},"branchMap":{},"s":{"0":0,"1":0,"2":0,"3":0,"4":0,"5":0},"f":{"0":0,"1":0},"b":{}}
,"/home/rodrigo/projects/shopimax-apiv2/src/utils/error.ts": {"path":"/home/rodrigo/projects/shopimax-apiv2/src/utils/error.ts","statementMap":{"0":{"start":{"line":3,"column":4},"end":{"line":3,"column":25}},"1":{"start":{"line":4,"column":4},"end":{"line":4,"column":67}},"2":{"start":{"line":5,"column":4},"end":{"line":5,"column":34}},"3":{"start":{"line":1,"column":0},"end":{"line":1,"column":13}}},"fnMap":{"0":{"name":"(anonymous_0)","decl":{"start":{"line":2,"column":2},"end":{"line":2,"column":14}},"loc":{"start":{"line":2,"column":24},"end":{"line":6,"column":3}}}},"branchMap":{},"s":{"0":0,"1":0,"2":0,"3":0},"f":{"0":0},"b":{}}
,"/home/rodrigo/projects/shopimax-apiv2/src/utils/index.ts": {"path":"/home/rodrigo/projects/shopimax-apiv2/src/utils/index.ts","statementMap":{"0":{"start":{"line":1,"column":0},"end":{"line":1,"column":26}},"1":{"start":{"line":2,"column":0},"end":{"line":2,"column":31}},"2":{"start":{"line":3,"column":0},"end":{"line":3,"column":25}},"3":{"start":{"line":4,"column":0},"end":{"line":4,"column":27}},"4":{"start":{"line":5,"column":0},"end":{"line":5,"column":24}},"5":{"start":{"line":6,"column":0},"end":{"line":6,"column":34}}},"fnMap":{},"branchMap":{},"s":{"0":0,"1":0,"2":0,"3":0,"4":0,"5":0},"f":{},"b":{}}
,"/home/rodrigo/projects/shopimax-apiv2/src/utils/randomString.ts": {"path":"/home/rodrigo/projects/shopimax-apiv2/src/utils/randomString.ts","statementMap":{"0":{"start":{"line":10,"column":9},"end":{"line":10,"column":21}},"1":{"start":{"line":2,"column":21},"end":{"line":2,"column":85}},"2":{"start":{"line":3,"column":15},"end":{"line":3,"column":17}},"3":{"start":{"line":4,"column":2},"end":{"line":6,"column":3}},"4":{"start":{"line":4,"column":15},"end":{"line":4,"column":16}},"5":{"start":{"line":5,"column":4},"end":{"line":5,"column":79}},"6":{"start":{"line":7,"column":2},"end":{"line":7,"column":16}}},"fnMap":{"0":{"name":"ramdonString","decl":{"start":{"line":1,"column":9},"end":{"line":1,"column":21}},"loc":{"start":{"line":1,"column":36},"end":{"line":8,"column":1}}}},"branchMap":{},"s":{"0":0,"1":0,"2":0,"3":0,"4":0,"5":0,"6":0},"f":{"0":0},"b":{}}
,"/home/rodrigo/projects/shopimax-apiv2/src/utils/response.ts": {"path":"/home/rodrigo/projects/shopimax-apiv2/src/utils/response.ts","statementMap":{"0":{"start":{"line":14,"column":9},"end":{"line":14,"column":17}},"1":{"start":{"line":5,"column":2},"end":{"line":11,"column":5}}},"fnMap":{"0":{"name":"response","decl":{"start":{"line":4,"column":9},"end":{"line":4,"column":17}},"loc":{"start":{"line":4,"column":105},"end":{"line":12,"column":1}}}},"branchMap":{"0":{"loc":{"start":{"line":6,"column":13},"end":{"line":6,"column":40}},"type":"cond-expr","locations":[{"start":{"line":6,"column":20},"end":{"line":6,"column":32}},{"start":{"line":6,"column":35},"end":{"line":6,"column":40}}]},"1":{"loc":{"start":{"line":7,"column":12},"end":{"line":7,"column":43}},"type":"cond-expr","locations":[{"start":{"line":7,"column":27},"end":{"line":7,"column":31}},{"start":{"line":7,"column":34},"end":{"line":7,"column":43}}]},"2":{"loc":{"start":{"line":8,"column":11},"end":{"line":8,"column":43}},"type":"cond-expr","locations":[{"start":{"line":8,"column":27},"end":{"line":8,"column":31}},{"start":{"line":8,"column":34},"end":{"line":8,"column":43}}]},"3":{"loc":{"start":{"line":9,"column":16},"end":{"line":9,"column":50}},"type":"cond-expr","locations":[{"start":{"line":9,"column":32},"end":{"line":9,"column":38}},{"start":{"line":9,"column":41},"end":{"line":9,"column":50}}]},"4":{"loc":{"start":{"line":10,"column":10},"end":{"line":10,"column":42}},"type":"cond-expr","locations":[{"start":{"line":10,"column":26},"end":{"line":10,"column":30}},{"start":{"line":10,"column":33},"end":{"line":10,"column":42}}]}},"s":{"0":0,"1":0},"f":{"0":0},"b":{"0":[0,0],"1":[0,0],"2":[0,0],"3":[0,0],"4":[0,0]}}
,"/home/rodrigo/projects/shopimax-apiv2/src/utils/validateRequest.ts": {"path":"/home/rodrigo/projects/shopimax-apiv2/src/utils/validateRequest.ts","statementMap":{"0":{"start":{"line":25,"column":9},"end":{"line":25,"column":30}},"1":{"start":{"line":1,"column":0},"end":{"line":1,"column":44}},"2":{"start":{"line":3,"column":0},"end":{"line":3,"column":45}},"3":{"start":{"line":6,"column":2},"end":{"line":6,"column":70}},"4":{"start":{"line":10,"column":20},"end":{"line":10,"column":53}},"5":{"start":{"line":11,"column":2},"end":{"line":14,"column":3}},"6":{"start":{"line":12,"column":19},"end":{"line":12,"column":75}},"7":{"start":{"line":12,"column":49},"end":{"line":12,"column":63}},"8":{"start":{"line":13,"column":4},"end":{"line":13,"column":26}},"9":{"start":{"line":15,"column":2},"end":{"line":15,"column":26}},"10":{"start":{"line":18,"column":29},"end":{"line":23,"column":2}},"11":{"start":{"line":25,"column":32},"end":{"line":25,"column":52}}},"fnMap":{"0":{"name":"requestValidator","decl":{"start":{"line":5,"column":9},"end":{"line":5,"column":25}},"loc":{"start":{"line":5,"column":79},"end":{"line":7,"column":1}}},"1":{"name":"createInstanceOrError","decl":{"start":{"line":9,"column":9},"end":{"line":9,"column":30}},"loc":{"start":{"line":9,"column":84},"end":{"line":16,"column":1}}},"2":{"name":"(anonymous_3)","decl":{"start":{"line":12,"column":37},"end":{"line":12,"column":38}},"loc":{"start":{"line":12,"column":49},"end":{"line":12,"column":63}}}},"branchMap":{"0":{"loc":{"start":{"line":11,"column":2},"end":{"line":14,"column":3}},"type":"if","locations":[{"start":{"line":11,"column":2},"end":{"line":14,"column":3}}]}},"s":{"0":0,"1":0,"2":0,"3":0,"4":0,"5":0,"6":0,"7":0,"8":0,"9":0,"10":0,"11":0},"f":{"0":0,"1":0,"2":0},"b":{"0":[0]}}
}
